Data received @ 0x0E: ;0x24;0x00;0x00;0x00;0xA2;0x00;0x00;0x00;
Data received @ 0x0F: ;0x34;0x46;0x80;0x2A;0x00;0x00;0x00;0x00;
Data received @ 0x11: ;0x66;0x0D;0xFC;0xFC;0xFC;0x0F;0x00;0x00;
Data received @ 0x0C: ;0x59;0x81;0xB8;0x60;
Data received @ 0x38: ;0xD3;0x46;0x00;0x14;
End of searching button 
Searching button data
Data received @ 0x0E: ;0x25;0x00;0x00;0x00;0xA2;0x00;0x00;0x00;
Data received @ 0x0F: ;0x34;0x46;0x80;0x2A;0x00;0x00;0x00;0x00;
Data received @ 0x11: ;0x70;0x0E;0xFC;0xFC;0xFC;0x0F;0x00;0x00;
Data received @ 0x0C: ;0x09;0x81;0xE8;0x60;
Data received @ 0x38: ;0xD3;0x46;0x00;0x14;
End of searching button 
Searching button data
Data received @ 0x0E: ;0x26;0x00;0x00;0x00;0xA2;0x00;0x00;0x00;
Data received @ 0x0F: ;0x34;0x46;0x80;0x2A;0x00;0x00;0x00;0x00;
Data received @ 0x11: ;0x3C;0x0F;0xFC;0xFC;0xFC;0x0F;0x00;0x00;
Data received @ 0x0C: ;0xF9;0x81;0x18;0x60;
Data received @ 0x38: ;0xD3;0x46;0x00;0x14;
End of searching button 
Searching button data
Data received @ 0x0E: ;0x27;0x00;0x00;0x00;0xA2;0x00;0x00;0x00;
Data received @ 0x0F: ;0x34;0x46;0x80;0x2A;0x00;0x00;0x00;0x00;
Data received @ 0x11: ;0x92;0x00;0xFC;0xFC;0xFC;0x0F;0x00;0x00;
Data received @ 0x0C: ;0xA9;0x81;0x48;0x60;
Data received @ 0x38: ;0xD3;0x46;0x00;0x14;
End of searching button 
Searching button data
Data received @ 0x0E: ;0x28;0x00;0x00;0x00;0xA2;0x00;0x00;0x00;
Data received @ 0x0F: ;0x34;0x46;0x80;0x2A;0x00;0x00;0x00;0x00;
Data received @ 0x11: ;0xE7;0x01;0xFC;0xFC;0xFC;0x0F;0x00;0x00;
Data received @ 0x0C: ;0x99;0x81;0x78;0x60;
Data received @ 0x38: ;0xD3;0x46;0x00;0x14;
End of searching button 
Searching button data
Data received @ 0x0E: ;0x29;0x00;0x00;0x00;0xA2;0x00;0x00;0x00;
Data received @ 0x0F: ;0x34;0x46;0x80;0x2A;0x00;0x00;0x00;0x00;
Data received @ 0x11: ;0x4D;0x02;0xFC;0xFC;0xFC;0x0F;0x00;0x00;
Data received @ 0x0C: ;0x49;0x81;0xA8;0x60;
Data received @ 0x38: ;0xD3;0x46;0x00;0x14;
End of searching button 
Searching button data
Data received @ 0x0E: ;0x2A;0x00;0x00;0x00;0xA2;0x00;0x00;0x00;
Data received @ 0x0F: ;0x34;0x46;0x80;0x2A;0x00;0x00;0x00;0x00;
Data received @ 0x11: ;0xFC;0x03;0xFC;0xFC;0xFC;0x0F;0x00;0x00;
Data received @ 0x0C: ;0x39;0x81;0xD8;0x60;
Data received @ 0x38: ;0xD3;0x46;0x00;0x14;
End of searching button 
Searching button data
Data received @ 0x0E: ;0x2B;0x00;0x00;0x00;0xA2;0x00;0x00;0x00;
Data received @ 0x0F: ;0x34;0x46;0x80;0x2A;0x00;0x00;0x00;0x00;
Data received @ 0x11: ;0xE3;0x04;0xFC;0xFC;0xFC;0x0F;0x00;0x00;
Data received @ 0x0C: ;0xE9;0x81;0x08;0x60;
Data received @ 0x38: ;0xD3;0x46;0x00;0x14;
End of searching button 
Searching button data
Data received @ 0x0E: ;0x2C;0x00;0x00;0x00;0xA2;0x00;0x00;0x00;
Data received @ 0x0F: ;0x34;0x46;0x80;0x2A;0x00;0x00;0x00;0x00;
Data received @ 0x11: ;0x11;0x05;0xFC;0xFC;0xFC;0x0F;0x00;0x00;
Data received @ 0x0C: ;0xD9;0x81;0x38;0x60;
Data received @ 0x38: ;0xD3;0x46;0x00;0x14;
End of searching button 
Searching button data
Data received @ 0x0E: ;0x2D;0x00;0x00;0x00;0xA2;0x00;0x00;0x00;
Data received @ 0x0F: ;0x34;0x46;0x80;0x2A;0x00;0x00;0x00;0x00;
Data received @ 0x11: ;0x06;0x06;0xFC;0xFC;0xFC;0x0F;0x00;0x00;
Data received @ 0x0C: ;0x89;0x81;0x68;0x60;
Data received @ 0x38: ;0xD3;0x46;0x00;0x14;
End of searching button 
Searching button data
Data received @ 0x0E: ;0x2E;0x00;0x00;0x00;0xA2;0x00;0x00;0x00;
Data received @ 0x0F: ;0x34;0x46;0x80;0x2A;0x00;0x00;0x00;0x00;
Data received @ 0x11: ;0xEF;0x07;0xFC;0xFC;0xFC;0x0F;0x00;0x00;
Data received @ 0x0C: ;0x79;0x81;0x98;0x60;
Data received @ 0x38: ;0xD3;0x46;0x00;0x14;
End of searching button 
Searching button data
Data received @ 0x0E: ;0x2F;0x00;0x00;0x00;0xA2;0x00;0x00;0x00;
Data received @ 0x0F: ;0x34;0x46;0x80;0x2A;0x00;0x00;0x00;0x00;
Data received @ 0x11: ;0x7C;0x08;0xFC;0xFC;0xFC;0x0F;0x00;0x00;
Data received @ 0x0C: ;0x29;0x81;0xC8;0x60;
Data received @ 0x38: ;0xD3;0x46;0x00;0x14;
End of searching button 
Searching button data
Data received @ 0x0E: ;0x20;0x00;0x00;0x00;0xA2;0x00;0x00;0x00;
Data received @ 0x0F: ;0x34;0x46;0x80;0x2A;0x00;0x00;0x00;0x00;
Data received @ 0x11: ;0x4C;0x09;0xFC;0xFC;0xFC;0x0F;0x00;0x00;
Data received @ 0x0C: ;0x19;0x81;0xF8;0x60;
Data received @ 0x38: ;0xD3;0x46;0x00;0x14;
End of searching button 
Searching button data
Data received @ 0x0E: ;0x21;0x00;0x00;0x00;0xA2;0x00;0x00;0x00;
Data received @ 0x0F: ;0x34;0x46;0x80;0x2A;0x00;0x00;0x00;0x00;
Data received @ 0x11: ;0x60;0x0A;0xFC;0xFC;0xFC;0x0F;0x00;0x00;
Data received @ 0x0C: ;0xC9;0x81;0x28;0x60;
Data received @ 0x38: ;0xD3;0x46;0x00;0x14;
End of searching button 
Searching button data
Data received @ 0x0E: ;0x22;0x00;0x00;0x00;0xA2;0x00;0x00;0x00;
Data received @ 0x0F: ;0x34;0x46;0x80;0x2A;0x00;0x00;0x00;0x00;
Data received @ 0x11: ;0x68;0x0B;0xFC;0xFC;0xFC;0x0F;0x00;0x00;
Data received @ 0x0C: ;0xB9;0x81;0x58;0x60;
Data received @ 0x38: ;0xD3;0x46;0x00;0x14;
End of searching button 
Searching button data
Data received @ 0x0E: ;0x23;0x00;0x00;0x00;0xA2;0x00;0x00;0x00;
Data received @ 0x0F: ;0x34;0x46;0x80;0x2A;0x00;0x00;0x00;0x00;
Data received @ 0x11: ;0x07;0x0C;0xFC;0xFC;0xFC;0x0F;0x00;0x00;
Data received @ 0x0C: ;0x69;0x81;0x88;0x60;
Data received @ 0x38: ;0xD3;0x46;0x00;0x14;
End of searching button 
Searching button data
Data received @ 0x0E: ;0x24;0x00;0x00;0x00;0xA2;0x00;0x00;0x00;
Data received @ 0x0F: ;0x34;0x46;0x80;0x2A;0x00;0x00;0x00;0x00;
Data received @ 0x11: ;0x66;0x0D;0xFC;0xFC;0xFC;0x0F;0x00;0x00;
Data received @ 0x0C: ;0x59;0x81;0xB8;0x60;
Data received @ 0x38: ;0xD3;0x46;0x00;0x14;
End of searching button 
Searching button data
Data received @ 0x0E: ;0x25;0x00;0x00;0x00;0xA2;0x00;0x00;0x00;
Data received @ 0x0F: ;0x34;0x46;0x80;0x2A;0x00;0x00;0x00;0x00;
Data received @ 0x11: ;0x70;0x0E;0xFC;0xFC;0xFC;0x0F;0x00;0x00;
Data received @ 0x0C: ;0x09;0x81;0xE8;0x60;
Data received @ 0x38: ;0xD3;0x46;0x00;0x14;
End of searching button 
Searching button data
Data received @ 0x0E: ;0x26;0x00;0x00;0x00;0xA2;0x00;0x00;0x00;
Data received @ 0x0F: ;0x34;0x46;0x80;0x2A;0x00;0x00;0x00;0x00;
Data received @ 0x11: ;0x3C;0x0F;0xFC;0xFC;0xFC;0x0F;0x00;0x00;
Data received @ 0x0C: ;0xF9;0x81;0x18;0x60;
Data received @ 0x38: ;0xD3;0x46;0x00;0x14;
End of searching button 
Searching button data
Data received @ 0x0E: ;0x27;0x00;0x00;0x00;0xA2;0x00;0x00;0x00;
Data received @ 0x0F: ;0x34;0x46;0x80;0x2A;0x00;0x00;0x00;0x00;
Data received @ 0x11: ;0x92;0x00;0xFC;0xFC;0xFC;0x0F;0x00;0x00;
Data received @ 0x0C: ;0xA9;0x81;0x48;0x60;
Data received @ 0x38: ;0xD3;0x46;0x00;0x14;
End of searching button 
Searching button data
Data received @ 0x0E: ;0x28;0x00;0x00;0x00;0xA2;0x00;0x00;0x00;
Data received @ 0x0F: ;0x34;0x46;0x80;0x2A;0x00;0x00;0x00;0x00;
Data received @ 0x11: ;0xE7;0x01;0xFC;0xFC;0xFC;0x0F;0x00;0x00;
Data received @ 0x0C: ;0x99;0x81;0x78;0x60;
Data received @ 0x38: ;0xD3;0x46;0x00;0x14;
End of searching button 
Searching button data
Data received @ 0x0E: ;0x29;0x00;0x00;0x00;0xA2;0x00;0x00;0x00;
Data received @ 0x0F: ;0x34;0x46;0x80;0x2A;0x00;0x00;0x00;0x00;
Data received @ 0x11: ;0x4D;0x02;0xFC;0xFC;0xFC;0x0F;0x00;0x00;
Data received @ 0x0C: ;0x49;0x81;0xA8;0x60;
Data received @ 0x38: ;0xD3;0x46;0x00;0x14;
End of searching button 
Searching button data
Data received @ 0x0E: ;0x2A;0x00;0x00;0x00;0xA2;0x00;0x00;0x00;
Data received @ 0x0F: ;0x34;0x46;0x80;0x2A;0x00;0x00;0x00;0x00;
Data received @ 0x11: ;0xFC;0x03;0xFC;0xFC;0xFC;0x0F;0x00;0x00;
Data received @ 0x0C: ;0x39;0x81;0xD8;0x60;
Data received @ 0x38: ;0xD3;0x46;0x00;0x14;
End of searching button 
Searching button data
Data received @ 0x0E: ;0x2B;0x00;0x00;0x00;0xA2;0x00;0x00;0x00;
Data received @ 0x0F: ;0x34;0x46;0x80;0x2A;0x00;0x00;0x00;0x00;
Data received @ 0x11: ;0xE3;0x04;0xFC;0xFC;0xFC;0x0F;0x00;0x00;
Data received @ 0x0C: ;0xE9;0x81;0x08;0x60;
Data received @ 0x38: ;0xD3;0x46;0x00;0x14;
End of searching button 
Searching button data
Data received @ 0x0E: ;0x2C;0x00;0x00;0x00;0xA2;0x00;0x00;0x00;
Data received @ 0x0F: ;0x34;0x46;0x80;0x2A;0x00;0x00;0x00;0x00;
Data received @ 0x11: ;0x11;0x05;0xFC;0xFC;0xFC;0x0F;0x00;0x00;
Data received @ 0x0C: ;0xD9;0x81;0x38;0x60;
Data received @ 0x38: ;0xD3;0x46;0x00;0x14;
End of searching button 
Searching button data
Data received @ 0x0E: ;0x2D;0x00;0x00;0x00;0xA2;0x00;0x00;0x00;
Data received @ 0x0F: ;0x34;0x46;0x80;0x2A;0x00;0x00;0x00;0x00;
Data received @ 0x11: ;0x06;0x06;0xFC;0xFC;0xFC;0x0F;0x00;0x00;
Data received @ 0x0C: ;0x89;0x81;0x68;0x60;
Data received @ 0x38: ;0xD3;0x46;0x00;0x14;
End of searching button 
Searching button data
Data received @ 0x0E: ;0x2E;0x00;0x00;0x00;0xA2;0x00;0x00;0x00;
Data received @ 0x0F: ;0x34;0x46;0x80;0x2A;0x00;0x00;0x00;0x00;
Data received @ 0x11: ;0xEF;0x07;0xFC;0xFC;0xFC;0x0F;0x00;0x00;
Data received @ 0x0C: ;0x79;0x81;0x98;0x60;
Data received @ 0x38: ;0xD3;0x46;0x00;0x14;
End of searching button 
Searching button data
Data received @ 0x0E: ;0x2F;0x00;0x00;0x00;0xA2;0x00;0x00;0x00;
Data received @ 0x0F: ;0x34;0x46;0x80;0x2A;0x00;0x00;0x00;0x00;
Data received @ 0x11: ;0x7C;0x08;0xFC;0xFC;0xFC;0x0F;0x00;0x00;
Data received @ 0x0C: ;0x29;0x81;0xC8;0x60;
Data received @ 0x38: ;0xD3;0x46;0x00;0x14;
End of searching button 
Searching button data
Data received @ 0x0E: ;0x20;0x00;0x00;0x00;0xA2;0x00;0x00;0x00;
Data received @ 0x0F: ;0x34;0x46;0x80;0x2A;0x00;0x00;0x00;0x00;
Data received @ 0x11: ;0x4C;0x09;0xFC;0xFC;0xFC;0x0F;0x00;0x00;
Data received @ 0x0C: ;0x19;0x81;0xF8;0x60;
Data received @ 0x38: ;0xD3;0x46;0x00;0x14;
End of searching button 
Searching button data
Data received @ 0x0E: ;0x21;0x00;0x00;0x00;0xA2;0x00;0x00;0x00;
Data received @ 0x0F: ;0x34;0x46;0x80;0x2A;0x00;0x00;0x00;0x00;
Data received @ 0x11: ;0x60;0x0A;0xFC;0xFC;0xFC;0x0F;0x00;0x00;
Data received @ 0x0C: ;0xC9;0x81;0x28;0x60;
Data received @ 0x38: ;0xD3;0x46;0x00;0x14;
End of searching button 
Searching button data
Data received @ 0x0E: ;0x22;0x00;0x00;0x00;0xA2;0x00;0x00;0x00;
Data received @ 0x0F: ;0x34;0x46;0x80;0x2A;0x00;0x00;0x00;0x00;
Data received @ 0x11: ;0x68;0x0B;0xFC;0xFC;0xFC;0x0F;0x00;0x00;
Data received @ 0x0C: ;0xB9;0x81;0x58;0x60;
Data received @ 0x38: ;0xD3;0x46;0x00;0x14;
End of searching button 
Searching button data
Data received @ 0x0E: ;0x23;0x00;0x00;0x00;0xA2;0x00;0x00;0x00;
Data received @ 0x0F: ;0x34;0x46;0x80;0x2A;0x00;0x00;0x00;0x00;
Data received @ 0x11: ;0x07;0x0C;0xFC;0xFC;0xFC;0x0F;0x00;0x00;
Data received @ 0x0C: ;0x69;0x81;0x88;0x60;
Data received @ 0x38: ;0xD3;0x46;0x00;0x14;
End of searching button 
Searching button data
Data received @ 0x0E: ;0x24;0x00;0x00;0x00;0xA2;0x00;0x00;0x00;
Data received @ 0x0F: ;0x34;0x46;0x80;0x2A;0x00;0x00;0x00;0x00;
Data received @ 0x11: ;0x66;0x0D;0xFC;0xFC;0xFC;0x0F;0x00;0x00;
Data received @ 0x0C: ;0x59;0x81;0xB8;0x60;
Data received @ 0x38: ;0xD3;0x46;0x00;0x14;
End of searching button 
Searching button data
Data received @ 0x0E: ;0x25;0x00;0x00;0x00;0xA2;0x00;0x00;0x00;
Data received @ 0x0F: ;0x34;0x46;0x80;0x2A;0x00;0x00;0x00;0x00;
Data received @ 0x11: ;0x70;0x0E;0xFC;0xFC;0xFC;0x0F;0x00;0x00;
Data received @ 0x0C: ;0x09;0x81;0xE8;0x60;
Data received @ 0x38: ;0xD3;0x46;0x00;0x14;
End of searching button 
Searching button data
Data received @ 0x0E: ;0x26;0x00;0x00;0x00;0xA2;0x00;0x00;0x00;
Data received @ 0x0F: ;0x34;0x46;0x80;0x2A;0x00;0x00;0x00;0x00;
Data received @ 0x11: ;0x3C;0x0F;0xFC;0xFC;0xFC;0x0F;0x00;0x00;
Data received @ 0x0C: ;0xF9;0x81;0x18;0x60;
Data received @ 0x38: ;0xD3;0x46;0x00;0x14;
End of searching button 
Searching button data
Data received @ 0x0E: ;0x27;0x00;0x00;0x00;0xA2;0x00;0x00;0x00;
Data received @ 0x0F: ;0x34;0x46;0x80;0x2A;0x00;0x00;0x00;0x00;
Data received @ 0x11: ;0x92;0x00;0xFC;0xFC;0xFC;0x0F;0x00;0x00;
Data received @ 0x0C: ;0xA9;0x81;0x48;0x60;
Data received @ 0x38: ;0xD3;0x46;0x00;0x14;
End of searching button 
Searching button data
Data received @ 0x0E: ;0x28;0x00;0x00;0x00;0xA2;0x00;0x00;0x00;
Data received @ 0x0F: ;0x34;0x46;0x80;0x2A;0x00;0x00;0x00;0x00;
Data received @ 0x11: ;0xE7;0x01;0xFC;0xFC;0xFC;0x0F;0x00;0x00;
Data received @ 0x0C: ;0x99;0x81;0x78;0x60;
Data received @ 0x38: ;0xD3;0x46;0x00;0x14;
End of searching button 
Searching button data
Data received @ 0x0E: ;0x29;0x00;0x00;0x00;0xA2;0x00;0x00;0x00;
Data received @ 0x0F: ;0x34;0x46;0x80;0x2A;0x00;0x00;0x00;0x00;
Data received @ 0x11: ;0x4D;0x02;0xFC;0xFC;0xFC;0x0F;0x00;0x00;
Data received @ 0x0C: ;0x49;0x81;0xA8;0x60;
Data received @ 0x38: ;0xD3;0x46;0x00;0x14;
End of searching button 
Searching button data
Data received @ 0x0E: ;0x2A;0x00;0x00;0x00;0xA2;0x00;0x00;0x00;
Data received @ 0x0F: ;0x34;0x46;0x80;0x2A;0x00;0x00;0x00;0x00;
Data received @ 0x11: ;0xFC;0x03;0xFC;0xFC;0xFC;0x0F;0x00;0x00;
Data received @ 0x0C: ;0x39;0x81;0xD8;0x60;
Data received @ 0x38: ;0xD3;0x46;0x00;0x14;
End of searching button 
Searching button data
Data received @ 0x0E: ;0x2B;0x00;0x00;0x00;0xA2;0x00;0x00;0x00;
Data received @ 0x0F: ;0x34;0x46;0x80;0x2A;0x00;0x00;0x00;0x00;
Data received @ 0x11: ;0xE3;0x04;0xFC;0xFC;0xFC;0x0F;0x00;0x00;
Data received @ 0x0C: ;0xE9;0x81;0x08;0x60;
Data received @ 0x38: ;0xD3;0x46;0x00;0x14;
End of searching button 
Searching button data
Data received @ 0x0E: ;0x2C;0x00;0x00;0x00;0xA2;0x00;0x00;0x00;
Data received @ 0x0F: ;0x34;0x46;0x80;0x2A;0x00;0x00;0x00;0x00;
Data received @ 0x11: ;0x11;0x05;0xFC;0xFC;0xFC;0x0F;0x00;0x00;
Data received @ 0x0C: ;0xD9;0x81;0x38;0x60;
Data received @ 0x38: ;0xD3;0x46;0x00;0x14;
End of searching button 
Searching button data
Data received @ 0x0E: ;0x2D;0x00;0x00;0x00;0xA2;0x00;0x00;0x00;
Data received @ 0x0F: ;0x34;0x46;0x80;0x2A;0x00;0x00;0x00;0x00;
Data received @ 0x11: ;0x06;0x06;0xFC;0xFC;0xFC;0x0F;0x00;0x00;
Data received @ 0x0C: ;0x89;0x81;0x68;0x60;
Data received @ 0x38: ;0xD3;0x46;0x00;0x14;
End of searching button 
Searching button data
Data received @ 0x0E: ;0x2E;0x00;0x00;0x00;0xA2;0x00;0x00;0x00;
Data received @ 0x0F: ;0x34;0x46;0x80;0x2A;0x00;0x00;0x00;0x00;
Data received @ 0x11: ;0xEF;0x07;0xFC;0xFC;0xFC;0x0F;0x00;0x00;
Data received @ 0x0C: ;0x79;0x81;0x98;0x60;
Data received @ 0x38: ;0xD3;0x46;0x00;0x14;
End of searching button 
Searching button data
Data received @ 0x0E: ;0x2F;0x00;0x00;0x00;0xA2;0x00;0x00;0x00;
Data received @ 0x0F: ;0x34;0x46;0x80;0x2A;0x00;0x00;0x00;0x00;
Data received @ 0x11: ;0x7C;0x08;0xFC;0xFC;0xFC;0x0F;0x00;0x00;
Data received @ 0x0C: ;0x29;0x81;0xC8;0x60;
Data received @ 0x38: ;0xD3;0x46;0x00;0x14;
End of searching button 
Searching button data
Data received @ 0x0E: ;0x20;0x00;0x00;0x00;0xA2;0x00;0x00;0x00;
Data received @ 0x0F: ;0x34;0x46;0x80;0x2A;0x00;0x00;0x00;0x00;
Data received @ 0x11: ;0x4C;0x09;0xFC;0xFC;0xFC;0x0F;0x00;0x00;
Data received @ 0x0C: ;0x19;0x81;0xF8;0x60;
Data received @ 0x38: ;0xD3;0x46;0x00;0x14;
End of searching button 
Searching button data
Data received @ 0x0E: ;0x21;0x00;0x00;0x00;0xA2;0x00;0x00;0x00;
Data received @ 0x0F: ;0x34;0x46;0x80;0x2A;0x00;0x00;0x00;0x00;
Data received @ 0x11: ;0x60;0x0A;0xFC;0xFC;0xFC;0x0F;0x00;0x00;
Data received @ 0x0C: ;0xC9;0x81;0x28;0x60;
Data received @ 0x38: ;0xD3;0x46;0x00;0x14;
End of searching button 
Searching button data
Data received @ 0x0E: ;0x22;0x00;0x00;0x00;0xA2;0x00;0x00;0x00;
Data received @ 0x0F: ;0x34;0x46;0x80;0x2A;0x00;0x00;0x00;0x00;
Data received @ 0x11: ;0x68;0x0B;0xFC;0xFC;0xFC;0x0F;0x00;0x00;
Data received @ 0x0C: ;0xB9;0x81;0x58;0x60;
Data received @ 0x38: ;0xD3;0x46;0x00;0x14;
End of searching button 
Searching button data
Data received @ 0x0E: ;0x23;0x00;0x00;0x00;0xA2;0x00;0x00;0x00;
Data received @ 0x0F: ;0x34;0x46;0x80;0x2A;0x00;0x00;0x00;0x00;
Data received @ 0x11: ;0x07;0x0C;0xFC;0xFC;0xFC;0x0F;0x00;0x00;
Data received @ 0x0C: ;0x69;0x81;0x88;0x60;
Data received @ 0x38: ;0xD3;0x46;0x00;0x14;
End of searching button 
Searching button data
Data received @ 0x0E: ;0x24;0x00;0x00;0x00;0xA2;0x00;0x00;0x00;
Data received @ 0x0F: ;0x34;0x46;0x80;0x2A;0x00;0x00;0x00;0x00;
Data received @ 0x11: ;0x66;0x0D;0xFC;0xFC;0xFC;0x0F;0x00;0x00;
Data received @ 0x0C: ;0x59;0x81;0xB8;0x60;
Data received @ 0x38: ;0xD3;0x46;0x00;0x14;
End of searching button 
Searching button data
Data received @ 0x0E: ;0x25;0x00;0x00;0x00;0xA2;0x00;0x00;0x00;
Data received @ 0x0F: ;0x34;0x46;0x80;0x2A;0x00;0x00;0x00;0x00;
Data received @ 0x11: ;0x70;0x0E;0xFC;0xFC;0xFC;0x0F;0x00;0x00;
Data received @ 0x0C: ;0x08;0x80;0xE8;0x60;
Data received @ 0x38: ;0xD3;0x46;0x00;0x14;
End of searching button 
Searching button data
Data received @ 0x0E: ;0x26;0x00;0x00;0x00;0xA2;0x00;0x00;0x00;
Data received @ 0x0F: ;0x34;0x46;0x80;0x2A;0x00;0x00;0x00;0x00;
Data received @ 0x11: ;0x3C;0x0F;0xFC;0xFC;0xFC;0x0F;0x00;0x00;
Data received @ 0x0C: ;0xF8;0x80;0x18;0x60;
Data received @ 0x38: ;0xD3;0x46;0x00;0x14;
End of searching button 
Searching button data
Data received @ 0x0E: ;0x27;0x00;0x00;0x00;0xA2;0x00;0x00;0x00;
Data received @ 0x0F: ;0x34;0x46;0x80;0x2A;0x00;0x00;0x00;0x00;
Data received @ 0x11: ;0x92;0x00;0xFC;0xFC;0xFC;0x0F;0x00;0x00;
Data received @ 0x0C: ;0xA8;0x80;0x48;0x60;
Data received @ 0x38: ;0xD3;0x46;0x00;0x14;
End of searching button 
Searching button data
Data received @ 0x0E: ;0x28;0x00;0x00;0x00;0xA2;0x00;0x00;0x00;
Data received @ 0x0F: ;0x34;0x46;0x80;0x2A;0x00;0x00;0x00;0x00;
Data received @ 0x11: ;0xE7;0x01;0xFC;0xFC;0xFC;0x0F;0x00;0x00;
Data received @ 0x0C: ;0x98;0x80;0x78;0x60;
Data received @ 0x38: ;0xD3;0x46;0x00;0x14;
End of searching button 
Searching button data
Data received @ 0x0E: ;0x39;0x74;0x00;0x01;0xA2;0x00;0x00;0x00;
Data received @ 0x0F: ;0x34;0x46;0x80;0x2A;0x00;0x00;0x00;0x00;
Data received @ 0x11: ;0x4D;0x02;0xFC;0xFC;0xFC;0x0F;0x00;0x00;
Data received @ 0x0C: ;0x58;0x80;0xA8;0x70;
Data received @ 0x38: ;0xD3;0x46;0x00;0x14;
End of searching button 
Searching button data
Data received @ 0x0E: ;0x3A;0x74;0x00;0x01;0xA2;0x00;0x00;0x00;
Data received @ 0x0F: ;0x34;0x46;0x80;0x2A;0x00;0x00;0x00;0x00;
Data received @ 0x11: ;0xFC;0x03;0xFC;0xFC;0xFC;0x0F;0x00;0x00;
Data received @ 0x0C: ;0x28;0x80;0xD8;0x70;
Data received @ 0x38: ;0xD3;0x46;0x00;0x14;
End of searching button 
Searching button data
Data received @ 0x0E: ;0x2B;0x74;0x00;0x04;0xA2;0x00;0x00;0x00;
Data received @ 0x0F: ;0x34;0x46;0x80;0x2A;0x00;0x00;0x00;0x00;
Data received @ 0x11: ;0xE3;0x04;0xFC;0xFC;0xFC;0x0F;0x00;0x00;
Data received @ 0x0C: ;0xF8;0x80;0x08;0x70;
Data received @ 0x38: ;0xD3;0x46;0x00;0x14;
End of searching button 
Searching button data
Data received @ 0x0E: ;0x2C;0x74;0x00;0x04;0xA2;0x00;0x00;0x00;
Data received @ 0x0F: ;0x34;0x46;0x80;0x2A;0x00;0x00;0x00;0x00;
Data received @ 0x11: ;0x11;0x05;0xFC;0xFC;0xFC;0x0F;0x00;0x00;
Data received @ 0x0C: ;0xC8;0x80;0x38;0x70;
Data received @ 0x38: ;0xD3;0x46;0x00;0x14;
End of searching button 
Searching button data
Data received @ 0x0E: ;0x2D;0x74;0x00;0x04;0xA2;0x00;0x00;0x00;
Data received @ 0x0F: ;0x34;0x46;0x80;0x2A;0x00;0x00;0x00;0x00;
Data received @ 0x11: ;0x06;0x06;0xFC;0xFC;0xFC;0x0F;0x00;0x00;
Data received @ 0x0C: ;0x88;0x80;0x68;0x60;
Data received @ 0x38: ;0xD3;0x46;0x00;0x14;
End of searching button 
Searching button data
Data received @ 0x0E: ;0x3E;0x00;0x00;0x00;0xA2;0x00;0x00;0x00;
Data received @ 0x0F: ;0x34;0x46;0x80;0x2A;0x00;0x00;0x00;0x00;
Data received @ 0x11: ;0xEF;0x07;0xFC;0xFC;0xFC;0x0F;0x00;0x00;
Data received @ 0x0C: ;0x78;0x80;0x98;0x60;
Data received @ 0x38: ;0xD3;0x46;0x00;0x14;
End of searching button 
Searching button data
Data received @ 0x0E: ;0x3F;0x00;0x00;0x00;0xA2;0x00;0x00;0x00;
Data received @ 0x0F: ;0x34;0x46;0x80;0x2A;0x00;0x00;0x00;0x00;
Data received @ 0x11: ;0x7C;0x08;0xFC;0xFC;0xFC;0x0F;0x00;0x00;
Data received @ 0x0C: ;0x28;0x80;0xC8;0x60;
Data received @ 0x38: ;0xD3;0x46;0x00;0x14;
End of searching button 
Searching button data
Data received @ 0x0E: ;0x20;0x00;0x00;0x00;0xA2;0x00;0x00;0x00;
Data received @ 0x0F: ;0x34;0x46;0x80;0x2A;0x00;0x00;0x00;0x00;
Data received @ 0x11: ;0x4C;0x09;0xFC;0xFC;0xFC;0x0F;0x00;0x00;
Data received @ 0x0C: ;0x18;0x80;0xF8;0x60;
