Data received @ 0x11: ;0x60;0x0A;0xFC;0xFC;0xFC;0x0F;0x00;0x00;
Data received @ 0x0C: ;0x28;0x80;0xC8;0x60;
Data received @ 0x38: ;0x1C;0x40;0x00;0x14;
End of searching button 
Searching button data
Data received @ 0x0E: ;0x2C;0x00;0x00;0x00;0xA2;0x00;0x02;0x00;
Data received @ 0x0F: ;0x86;0x40;0x80;0x2A;0x00;0x00;0x00;0x00;
Data received @ 0x11: ;0x66;0x0D;0xFC;0xFC;0xFC;0x0F;0x00;0x00;
Data received @ 0x0C: ;0xBA;0x80;0x58;0x62;
Data received @ 0x38: ;0x1C;0x40;0x00;0x14;
End of searching button 
Searching button data
Data received @ 0x0E: ;0x2D;0x00;0x00;0x00;0xA2;0x00;0x02;0x00;
Data received @ 0x0F: ;0x86;0x40;0x80;0x2A;0x00;0x00;0x00;0x00;
Data received @ 0x11: ;0x70;0x0E;0xFC;0xFC;0xFC;0x0F;0x00;0x00;
Data received @ 0x0C: ;0x6A;0x80;0x88;0x62;
Data received @ 0x38: ;0x1C;0x40;0x00;0x14;
End of searching button 
Searching button data
Data received @ 0x0E: ;0x2E;0x00;0x00;0x00;0xA2;0x00;0x02;0x00;
Data received @ 0x0F: ;0x86;0x40;0x80;0x2A;0x00;0x00;0x00;0x00;
Data received @ 0x11: ;0x3C;0x0F;0xFC;0xFC;0xFC;0x0F;0x00;0x00;
Data received @ 0x0C: ;0x5A;0x80;0xB8;0x62;
Data received @ 0x38: ;0x1C;0x40;0x00;0x14;
End of searching button 
Searching button data
Data received @ 0x0E: ;0x2F;0x00;0x00;0x00;0xA2;0x00;0x02;0x00;
Data received @ 0x0F: ;0x86;0x40;0x80;0x2A;0x00;0x00;0x00;0x00;
Data received @ 0x11: ;0x92;0x00;0xFC;0xFC;0xFC;0x0F;0x00;0x00;
Data received @ 0x0C: ;0x0A;0x80;0xE8;0x62;
Data received @ 0x38: ;0x1C;0x40;0x00;0x14;
End of searching button 
Searching button data
Data received @ 0x0E: ;0x20;0x00;0x00;0x00;0xA2;0x00;0x02;0x00;
Data received @ 0x0F: ;0x86;0x40;0x80;0x2A;0x00;0x00;0x00;0x00;
Data received @ 0x11: ;0xE7;0x01;0xFC;0xFC;0xFC;0x0F;0x00;0x00;
Data received @ 0x0C: ;0xFA;0x80;0x18;0x62;
Data received @ 0x38: ;0x1C;0x40;0x00;0x14;
End of searching button 
Searching button data
Data received @ 0x0E: ;0x21;0x00;0x00;0x00;0xA2;0x00;0x02;0x00;
Data received @ 0x0F: ;0x86;0x40;0x80;0x2A;0x00;0x00;0x00;0x00;
Data received @ 0x11: ;0x4D;0x02;0xFC;0xFC;0xFC;0x0F;0x00;0x00;
Data received @ 0x0C: ;0xAA;0x80;0x48;0x62;
Data received @ 0x38: ;0x1C;0x40;0x00;0x14;
End of searching button 
Searching button data
Data received @ 0x0E: ;0x22;0x00;0x00;0x00;0xA2;0x00;0x02;0x00;
Data received @ 0x0F: ;0x86;0x40;0x80;0x2A;0x00;0x00;0x00;0x00;
Data received @ 0x11: ;0xFC;0x03;0xFC;0xFC;0xFC;0x0F;0x00;0x00;
Data received @ 0x0C: ;0x9A;0x80;0x78;0x62;
Data received @ 0x38: ;0x1C;0x40;0x00;0x14;
End of searching button 
Searching button data
Data received @ 0x0E: ;0x23;0x00;0x00;0x00;0xA2;0x00;0x02;0x00;
Data received @ 0x0F: ;0x86;0x40;0x80;0x2A;0x00;0x00;0x00;0x00;
Data received @ 0x11: ;0xE3;0x04;0xFC;0xFC;0xFC;0x0F;0x00;0x00;
Data received @ 0x0C: ;0x4A;0x80;0xA8;0x62;
Data received @ 0x38: ;0x1C;0x40;0x00;0x14;
End of searching button 
Searching button data
Data received @ 0x0E: ;0x24;0x00;0x00;0x00;0xA2;0x00;0x02;0x00;
Data received @ 0x0F: ;0x86;0x40;0x80;0x2A;0x00;0x00;0x00;0x00;
Data received @ 0x11: ;0x11;0x05;0xFC;0xFC;0xFC;0x0F;0x00;0x00;
Data received @ 0x0C: ;0x3A;0x80;0xD8;0x62;
Data received @ 0x38: ;0x1C;0x40;0x00;0x14;
End of searching button 
Searching button data
Data received @ 0x0E: ;0x25;0x00;0x00;0x00;0xA2;0x00;0x02;0x00;
Data received @ 0x0F: ;0x86;0x40;0x80;0x2A;0x00;0x00;0x00;0x00;
Data received @ 0x11: ;0x06;0x06;0xFC;0xFC;0xFC;0x0F;0x00;0x00;
Data received @ 0x0C: ;0xEA;0x80;0x08;0x62;
Data received @ 0x38: ;0x1C;0x40;0x00;0x14;
End of searching button 
Searching button data
Data received @ 0x0E: ;0x26;0x00;0x00;0x00;0xA2;0x00;0x02;0x00;
Data received @ 0x0F: ;0x86;0x40;0x80;0x2A;0x00;0x00;0x00;0x00;
Data received @ 0x11: ;0xEF;0x07;0xFC;0xFC;0xFC;0x0F;0x00;0x00;
Data received @ 0x0C: ;0xDA;0x80;0x38;0x62;
Data received @ 0x38: ;0x1C;0x40;0x00;0x14;
End of searching button 
Searching button data
Data received @ 0x0E: ;0x27;0x00;0x00;0x00;0xA2;0x00;0x02;0x00;
Data received @ 0x0F: ;0x86;0x40;0x80;0x2A;0x00;0x00;0x00;0x00;
Data received @ 0x11: ;0x7C;0x08;0xFC;0xFC;0xFC;0x0F;0x00;0x00;
Data received @ 0x0C: ;0x8A;0x80;0x68;0x62;
Data received @ 0x38: ;0x1C;0x40;0x00;0x14;
End of searching button 
Searching button data
Data received @ 0x0E: ;0x28;0x00;0x00;0x00;0xA2;0x00;0x02;0x00;
Data received @ 0x0F: ;0x86;0x40;0x80;0x2A;0x00;0x00;0x00;0x00;
Data received @ 0x11: ;0x4C;0x09;0xFC;0xFC;0xFC;0x0F;0x00;0x00;
Data received @ 0x0C: ;0x7A;0x80;0x98;0x62;
Data received @ 0x38: ;0x1C;0x40;0x00;0x14;
End of searching button 
Searching button data
Data received @ 0x0E: ;0x29;0x00;0x00;0x00;0xA2;0x00;0x02;0x00;
Data received @ 0x0F: ;0x86;0x40;0x80;0x2A;0x00;0x00;0x00;0x00;
Data received @ 0x11: ;0x60;0x0A;0xFC;0xFC;0xFC;0x0F;0x00;0x00;
Data received @ 0x0C: ;0x2A;0x80;0xC8;0x62;
Data received @ 0x38: ;0x1C;0x40;0x00;0x14;
End of searching button 
Searching button data
Data received @ 0x0E: ;0x2A;0x00;0x00;0x00;0xA2;0x00;0x02;0x00;
Data received @ 0x0F: ;0x86;0x40;0x80;0x2A;0x00;0x00;0x00;0x00;
Data received @ 0x11: ;0x68;0x0B;0xFC;0xFC;0xFC;0x0F;0x00;0x00;
Data received @ 0x0C: ;0x1A;0x80;0xF8;0x62;
Data received @ 0x38: ;0x1C;0x40;0x00;0x14;
End of searching button 
Searching button data
Data received @ 0x0E: ;0x2B;0x00;0x00;0x00;0xA2;0x00;0x02;0x00;
Data received @ 0x0F: ;0x86;0x40;0x80;0x2A;0x00;0x00;0x00;0x00;
Data received @ 0x11: ;0x07;0x0C;0xFC;0xFC;0xFC;0x0F;0x00;0x00;
Data received @ 0x0C: ;0xCA;0x80;0x28;0x62;
Data received @ 0x38: ;0x1C;0x40;0x00;0x14;
End of searching button 
Searching button data
Data received @ 0x0E: ;0x2C;0x00;0x00;0x00;0xA2;0x00;0x02;0x00;
Data received @ 0x0F: ;0x86;0x40;0x80;0x2A;0x00;0x00;0x00;0x00;
Data received @ 0x11: ;0x66;0x0D;0xFC;0xFC;0xFC;0x0F;0x00;0x00;
Data received @ 0x0C: ;0xBA;0x80;0x58;0x62;
Data received @ 0x38: ;0x1C;0x40;0x00;0x14;
End of searching button 
Searching button data
Data received @ 0x0E: ;0x2D;0x00;0x00;0x00;0xA2;0x00;0x02;0x00;
Data received @ 0x0F: ;0x86;0x40;0x80;0x2A;0x00;0x00;0x00;0x00;
Data received @ 0x11: ;0x70;0x0E;0xFC;0xFC;0xFC;0x0F;0x00;0x00;
Data received @ 0x0C: ;0x6A;0x80;0x88;0x62;
Data received @ 0x38: ;0x1C;0x40;0x00;0x14;
End of searching button 
Searching button data
Data received @ 0x0E: ;0x2E;0x00;0x00;0x00;0xA2;0x00;0x02;0x00;
Data received @ 0x0F: ;0x86;0x40;0x80;0x2A;0x00;0x00;0x00;0x00;
Data received @ 0x11: ;0x3C;0x0F;0xFC;0xFC;0xFC;0x0F;0x00;0x00;
Data received @ 0x0C: ;0x5A;0x80;0xB8;0x62;
Data received @ 0x38: ;0x1C;0x40;0x00;0x14;
End of searching button 
Searching button data
Data received @ 0x0E: ;0x2F;0x00;0x00;0x00;0xA2;0x00;0x02;0x00;
Data received @ 0x0F: ;0x86;0x40;0x80;0x2A;0x00;0x00;0x00;0x00;
Data received @ 0x11: ;0x92;0x00;0xFC;0xFC;0xFC;0x0F;0x00;0x00;
Data received @ 0x0C: ;0x0A;0x80;0xE8;0x62;
Data received @ 0x38: ;0x1C;0x40;0x00;0x14;
End of searching button 
Searching button data
Data received @ 0x0E: ;0x20;0x00;0x00;0x00;0xA2;0x00;0x02;0x00;
Data received @ 0x0F: ;0x86;0x40;0x80;0x2A;0x00;0x00;0x00;0x00;
Data received @ 0x11: ;0xE7;0x01;0xFC;0xFC;0xFC;0x0F;0x00;0x00;
Data received @ 0x0C: ;0xFA;0x80;0x18;0x62;
Data received @ 0x38: ;0x1C;0x40;0x00;0x14;
End of searching button 
Searching button data
Data received @ 0x0E: ;0x21;0x00;0x00;0x00;0xA2;0x00;0x02;0x00;
Data received @ 0x0F: ;0x86;0x40;0x80;0x2A;0x00;0x00;0x00;0x00;
Data received @ 0x11: ;0x4D;0x02;0xFC;0xFC;0xFC;0x0F;0x00;0x00;
Data received @ 0x0C: ;0xAA;0x80;0x48;0x62;
Data received @ 0x38: ;0x1C;0x40;0x00;0x14;
End of searching button 
Searching button data
Data received @ 0x0E: ;0x22;0x00;0x00;0x00;0xA2;0x00;0x02;0x00;
Data received @ 0x0F: ;0x86;0x40;0x80;0x2A;0x00;0x00;0x00;0x00;
Data received @ 0x11: ;0xFC;0x03;0xFC;0xFC;0xFC;0x0F;0x00;0x00;
Data received @ 0x0C: ;0x9A;0x80;0x78;0x62;
Data received @ 0x38: ;0x1C;0x40;0x00;0x14;
End of searching button 
Searching button data
Data received @ 0x0E: ;0x23;0x00;0x00;0x00;0xA2;0x00;0x02;0x00;
Data received @ 0x0F: ;0x86;0x40;0x80;0x2A;0x00;0x00;0x00;0x00;
Data received @ 0x11: ;0xE3;0x04;0xFC;0xFC;0xFC;0x0F;0x00;0x00;
Data received @ 0x0C: ;0x4A;0x80;0xA8;0x62;
Data received @ 0x38: ;0x1C;0x40;0x00;0x14;
End of searching button 
Searching button data
Data received @ 0x0E: ;0x24;0x00;0x00;0x00;0xA2;0x00;0x02;0x00;
Data received @ 0x0F: ;0x86;0x40;0x80;0x2A;0x00;0x00;0x00;0x00;
Data received @ 0x11: ;0x11;0x05;0xFC;0xFC;0xFC;0x0F;0x00;0x00;
Data received @ 0x0C: ;0x3A;0x80;0xD8;0x62;
Data received @ 0x38: ;0x1C;0x40;0x00;0x14;
End of searching button 
Searching button data
Data received @ 0x0E: ;0x25;0x00;0x00;0x00;0xA2;0x00;0x02;0x00;
Data received @ 0x0F: ;0x86;0x40;0x80;0x2A;0x00;0x00;0x00;0x00;
Data received @ 0x11: ;0x06;0x06;0xFC;0xFC;0xFC;0x0F;0x00;0x00;
Data received @ 0x0C: ;0xEA;0x80;0x08;0x62;
Data received @ 0x38: ;0x1C;0x40;0x00;0x14;
End of searching button 
Searching button data
Data received @ 0x0E: ;0x26;0x00;0x00;0x00;0xA2;0x00;0x02;0x00;
Data received @ 0x0F: ;0x86;0x40;0x80;0x2A;0x00;0x00;0x00;0x00;
Data received @ 0x11: ;0xEF;0x07;0xFC;0xFC;0xFC;0x0F;0x00;0x00;
Data received @ 0x0C: ;0xDA;0x80;0x38;0x62;
Data received @ 0x38: ;0x1C;0x40;0x00;0x14;
End of searching button 
Searching button data
Data received @ 0x0E: ;0x27;0x00;0x00;0x00;0xA2;0x00;0x02;0x00;
Data received @ 0x0F: ;0x86;0x40;0x80;0x2A;0x00;0x00;0x00;0x00;
Data received @ 0x11: ;0x7C;0x08;0xFC;0xFC;0xFC;0x0F;0x00;0x00;
Data received @ 0x0C: ;0x8A;0x80;0x68;0x62;
Data received @ 0x38: ;0x1C;0x40;0x00;0x14;
End of searching button 
