Data received @ 0x11: ;0x06;0x06;0xFC;0xFC;0xFC;0x0F;0x00;0x00;Searching button data
Data received @ 0x0E: ;0x06;0x00;0x00;0x00;0xA2;0x00;0x00;0x00;
Data received @ 0x0F: ;0x86;0x40;0x80;0x2A;0x00;0x00;0x00;0x00;
Data received @ 0x11: ;0xEF;0x07;0xFC;0xFC;0xFC;0x0F;0x00;0x00;
Data received @ 0x0C: ;0xD8;0x80;0x38;0x60;
Data received @ 0x38: ;0x1C;0x40;0x00;0x14;
End of searching button 
Searching button data
Data received @ 0x0E: ;0x07;0x00;0x00;0x00;0xA2;0x00;0x00;0x00;
Data received @ 0x0F: ;0x86;0x40;0x80;0x2A;0x00;0x00;0x00;0x00;
Data received @ 0x11: ;0x7C;0x08;0xFC;0xFC;0xFC;0x0F;0x00;0x00;
Data received @ 0x0C: ;0x88;0x80;0x68;0x60;
Data received @ 0x38: ;0x1C;0x40;0x00;0x14;
End of searching button 
Searching button data
Data received @ 0x0E: ;0x08;0x00;0x00;0x00;0xA2;0x00;0x00;0x00;
Data received @ 0x0F: ;0x86;0x40;0x80;0x2A;0x00;0x00;0x00;0x00;
Data received @ 0x11: ;0x4C;0x09;0xFC;0xFC;0xFC;0x0F;0x00;0x00;
Data received @ 0x0C: ;0x78;0x80;0x98;0x60;
Data received @ 0x38: ;0x1C;0x40;0x00;0x14;
End of searching button 
Searching button data
Data received @ 0x0E: ;0x09;0x00;0x00;0x00;0xA2;0x00;0x00;0x00;
Data received @ 0x0F: ;0x86;0x40;0x80;0x2A;0x00;0x00;0x00;0x00;
Data received @ 0x11: ;0x60;0x0A;0xFC;0xFC;0xFC;0x0F;0x00;0x00;
Data received @ 0x0C: ;0x28;0x80;0xC8;0x60;
Data received @ 0x38: ;0x1C;0x40;0x00;0x14;
End of searching button 
Searching button data
Data received @ 0x0E: ;0x0A;0x00;0x00;0x00;0xA2;0x00;0x00;0x00;
Data received @ 0x0F: ;0x86;0x40;0x80;0x2A;0x00;0x00;0x00;0x00;
Data received @ 0x11: ;0x68;0x0B;0xFC;0xFC;0xFC;0x0F;0x00;0x00;
Data received @ 0x0C: ;0x18;0x80;0xF8;0x60;
Data received @ 0x38: ;0x1C;0x40;0x00;0x14;
End of searching button 
Searching button data
Data received @ 0x0E: ;0x0B;0x00;0x00;0x00;0xA2;0x00;0x00;0x00;
Data received @ 0x0F: ;0x86;0x40;0x80;0x2A;0x00;0x00;0x00;0x00;
Data received @ 0x11: ;0x07;0x0C;0xFC;0xFC;0xFC;0x0F;0x00;0x00;
Data received @ 0x0C: ;0xC8;0x80;0x28;0x60;
Data received @ 0x38: ;0x1C;0x40;0x00;0x14;
End of searching button 
Searching button data
Data received @ 0x0E: ;0x0C;0x00;0x00;0x00;0xA2;0x00;0x00;0x00;
Data received @ 0x0F: ;0x86;0x40;0x80;0x2A;0x00;0x00;0x00;0x00;
Data received @ 0x11: ;0x66;0x0D;0xFC;0xFC;0xFC;0x0F;0x00;0x00;
Data received @ 0x0C: ;0xB8;0x80;0x58;0x60;
Data received @ 0x38: ;0x1C;0x40;0x00;0x14;
End of searching button 
Searching button data
Data received @ 0x0E: ;0x0D;0x00;0x00;0x00;0xA2;0x00;0x00;0x00;
Data received @ 0x0F: ;0x86;0x40;0x80;0x2A;0x00;0x00;0x00;0x00;
Data received @ 0x11: ;0x70;0x0E;0xFC;0xFC;0xFC;0x0F;0x00;0x00;
Data received @ 0x0C: ;0x68;0x80;0x88;0x60;
Data received @ 0x38: ;0x1C;0x40;0x00;0x14;
End of searching button 
Searching button data
Data received @ 0x0E: ;0x0E;0x00;0x00;0x00;0xA2;0x00;0x00;0x00;
Data received @ 0x0F: ;0x86;0x40;0x80;0x2A;0x00;0x00;0x00;0x00;
Data received @ 0x11: ;0x3C;0x0F;0xFC;0xFC;0xFC;0x0F;0x00;0x00;
Data received @ 0x0C: ;0x58;0x80;0xB8;0x60;
Data received @ 0x38: ;0x1C;0x40;0x00;0x14;
End of searching button 
Searching button data
Data received @ 0x0E: ;0x0F;0x00;0x00;0x00;0xA2;0x00;0x00;0x00;
Data received @ 0x0F: ;0x86;0x40;0x80;0x2A;0x00;0x00;0x00;0x00;
Data received @ 0x11: ;0x92;0x00;0xFC;0xFC;0xFC;0x0F;0x00;0x00;
Data received @ 0x0C: ;0x08;0x80;0xE8;0x60;
Data received @ 0x38: ;0x1C;0x40;0x00;0x14;
End of searching button 
Searching button data
Data received @ 0x0E: ;0x00;0x00;0x00;0x00;0xA2;0x00;0x00;0x00;
Data received @ 0x0F: ;0x86;0x40;0x80;0x2A;0x00;0x00;0x00;0x00;
Data received @ 0x11: ;0xE7;0x01;0xFC;0xFC;0xFC;0x0F;0x00;0x00;
Data received @ 0x0C: ;0xF8;0x80;0x18;0x60;
Data received @ 0x38: ;0x1C;0x40;0x00;0x14;
End of searching button 
Searching button data
Data received @ 0x0E: ;0x01;0x00;0x00;0x00;0xA2;0x00;0x00;0x00;
Data received @ 0x0F: ;0x86;0x40;0x80;0x2A;0x00;0x00;0x00;0x00;
Data received @ 0x11: ;0x4D;0x02;0xFC;0xFC;0xFC;0x0F;0x00;0x00;
Data received @ 0x0C: ;0xA8;0x80;0x48;0x60;
Data received @ 0x38: ;0x1C;0x40;0x00;0x14;
End of searching button 
Searching button data
Data received @ 0x0E: ;0x02;0x00;0x00;0x00;0xA2;0x00;0x00;0x00;
Data received @ 0x0F: ;0x86;0x40;0x80;0x2A;0x00;0x00;0x00;0x00;
Data received @ 0x11: ;0xFC;0x03;0xFC;0xFC;0xFC;0x0F;0x00;0x00;
Data received @ 0x0C: ;0x98;0x80;0x78;0x60;
Data received @ 0x38: ;0x1C;0x40;0x00;0x14;
End of searching button 
Searching button data
Data received @ 0x0E: ;0x03;0x00;0x00;0x00;0xA2;0x00;0x00;0x00;
Data received @ 0x0F: ;0x86;0x40;0x80;0x2A;0x00;0x00;0x00;0x00;
Data received @ 0x11: ;0xE3;0x04;0xFC;0xFC;0xFC;0x0F;0x00;0x00;
Data received @ 0x0C: ;0x48;0x80;0xA8;0x60;
Data received @ 0x38: ;0x1C;0x40;0x00;0x14;
End of searching button 
Searching button data
Data received @ 0x0E: ;0x04;0x00;0x00;0x00;0xA2;0x00;0x00;0x00;
Data received @ 0x0F: ;0x86;0x40;0x80;0x2A;0x00;0x00;0x00;0x00;
Data received @ 0x11: ;0x11;0x05;0xFC;0xFC;0xFC;0x0F;0x00;0x00;
Data received @ 0x0C: ;0x38;0x80;0xD8;0x60;
Data received @ 0x38: ;0x1C;0x40;0x00;0x14;
End of searching button 
Searching button data
Data received @ 0x0E: ;0x05;0x00;0x00;0x00;0xA2;0x00;0x00;0x00;
Data received @ 0x0F: ;0x86;0x40;0x80;0x2A;0x00;0x00;0x00;0x00;
Data received @ 0x11: ;0x06;0x06;0xFC;0xFC;0xFC;0x0F;0x00;0x00;
Data received @ 0x0C: ;0xE8;0x80;0x08;0x60;
Data received @ 0x38: ;0x1C;0x40;0x00;0x14;
End of searching button 
Searching button data
Data received @ 0x0E: ;0x06;0x00;0x00;0x00;0xA2;0x00;0x00;0x00;
Data received @ 0x0F: ;0x86;0x40;0x80;0x2A;0x00;0x00;0x00;0x00;
Data received @ 0x11: ;0xEF;0x07;0xFC;0xFC;0xFC;0x0F;0x00;0x00;
Data received @ 0x0C: ;0xD8;0x80;0x38;0x60;
Data received @ 0x38: ;0x1C;0x40;0x00;0x14;
End of searching button 
Searching button data
Data received @ 0x0E: ;0x07;0x00;0x00;0x00;0xA2;0x00;0x00;0x00;
Data received @ 0x0F: ;0x86;0x40;0x80;0x2A;0x00;0x00;0x00;0x00;
Data received @ 0x11: ;0x7C;0x08;0xFC;0xFC;0xFC;0x0F;0x00;0x00;
Data received @ 0x0C: ;0x88;0x80;0x68;0x60;
Data received @ 0x38: ;0x1C;0x40;0x00;0x14;
End of searching button 
Searching button data
Data received @ 0x0E: ;0x08;0x00;0x00;0x00;0xA2;0x00;0x00;0x00;
Data received @ 0x0F: ;0x86;0x40;0x80;0x2A;0x00;0x00;0x00;0x00;
Data received @ 0x11: ;0x4C;0x09;0xFC;0xFC;0xFC;0x0F;0x00;0x00;
Data received @ 0x0C: ;0x78;0x80;0x98;0x60;
Data received @ 0x38: ;0x1C;0x40;0x00;0x14;
End of searching button 
Searching button data
Data received @ 0x0E: ;0x09;0x00;0x00;0x00;0xA2;0x00;0x00;0x00;
Data received @ 0x0F: ;0x86;0x40;0x80;0x2A;0x00;0x00;0x00;0x00;
Data received @ 0x11: ;0x60;0x0A;0xFC;0xFC;0xFC;0x0F;0x00;0x00;
Data received @ 0x0C: ;0x28;0x80;0xC8;0x60;
Data received @ 0x38: ;0x1C;0x40;0x00;0x14;
End of searching button 
Searching button data
Data received @ 0x0E: ;0x0A;0x00;0x00;0x00;0xA2;0x00;0x00;0x00;
Data received @ 0x0F: ;0x86;0x40;0x80;0x2A;0x00;0x00;0x00;0x00;
Data received @ 0x11: ;0x68;0x0B;0xFC;0xFC;0xFC;0x0F;0x00;0x00;
Data received @ 0x0C: ;0x18;0x80;0xF8;0x60;
Data received @ 0x38: ;0x1C;0x40;0x00;0x14;
End of searching button 
Searching button data
Data received @ 0x0E: ;0x0B;0x00;0x00;0x00;0xA2;0x00;0x00;0x00;
Data received @ 0x0F: ;0x86;0x40;0x80;0x2A;0x00;0x00;0x00;0x00;
Data received @ 0x11: ;0x07;0x0C;0xFC;0xFC;0xFC;0x0F;0x00;0x00;
Data received @ 0x0C: ;0xC8;0x80;0x28;0x60;
Data received @ 0x38: ;0x1C;0x40;0x00;0x14;
End of searching button 
Searching button data
Data received @ 0x0E: ;0x0C;0x00;0x00;0x00;0xA2;0x00;0x00;0x00;
Data received @ 0x0F: ;0x86;0x40;0x80;0x2A;0x00;0x00;0x00;0x00;
Data received @ 0x11: ;0x66;0x0D;0xFC;0xFC;0xFC;0x0F;0x00;0x00;
Data received @ 0x0C: ;0xB8;0x80;0x58;0x60;
Data received @ 0x38: ;0x1C;0x40;0x00;0x14;
End of searching button 
Searching button data
Data received @ 0x0E: ;0x0D;0x00;0x00;0x00;0xA2;0x00;0x00;0x00;
Data received @ 0x0F: ;0x86;0x40;0x80;0x2A;0x00;0x00;0x00;0x00;
Data received @ 0x11: ;0x70;0x0E;0xFC;0xFC;0xFC;0x0F;0x00;0x00;
Data received @ 0x0C: ;0x68;0x80;0x88;0x60;
Data received @ 0x38: ;0x1C;0x40;0x00;0x14;
End of searching button 
Searching button data
Data received @ 0x0E: ;0x0E;0x00;0x00;0x00;0xA2;0x00;0x00;0x00;
Data received @ 0x0F: ;0x86;0x40;0x80;0x2A;0x00;0x00;0x00;0x00;
Data received @ 0x11: ;0x3C;0x0F;0xFC;0xFC;0xFC;0x0F;0x00;0x00;
Data received @ 0x0C: ;0x58;0x80;0xB8;0x60;
Data received @ 0x38: ;0x1C;0x40;0x00;0x14;
End of searching button 
Searching button data
Data received @ 0x0E: ;0x0F;0x00;0x00;0x00;0xA2;0x00;0x00;0x00;
Data received @ 0x0F: ;0x86;0x40;0x80;0x2A;0x00;0x00;0x00;0x00;
Data received @ 0x11: ;0x92;0x00;0xFC;0xFC;0xFC;0x0F;0x00;0x00;
Data received @ 0x0C: ;0x08;0x80;0xE8;0x60;
Data received @ 0x38: ;0x1C;0x40;0x00;0x14;
End of searching button 
Searching button data
Data received @ 0x0E: ;0x00;0x00;0x00;0x00;0xA2;0x00;0x00;0x00;
Data received @ 0x0F: ;0x86;0x40;0x80;0x2A;0x00;0x00;0x00;0x00;
Data received @ 0x11: ;0xE7;0x01;0xFC;0xFC;0xFC;0x0F;0x00;0x00;
Data received @ 0x0C: ;0xF8;0x80;0x18;0x60;
Data received @ 0x38: ;0x1C;0x40;0x00;0x14;
End of searching button 
Searching button data
Data received @ 0x0E: ;0x01;0x00;0x00;0x00;0xA2;0x00;0x00;0x00;
Data received @ 0x0F: ;0x86;0x40;0x80;0x2A;0x00;0x00;0x00;0x00;
Data received @ 0x11: ;0x4D;0x02;0xFC;0xFC;0xFC;0x0F;0x00;0x00;
Data received @ 0x0C: ;0xA8;0x80;0x48;0x60;
Data received @ 0x38: ;0x1C;0x40;0x00;0x14;
End of searching button 
Searching button data
Data received @ 0x0E: ;0x02;0x00;0x00;0x00;0xA2;0x00;0x00;0x00;
Data received @ 0x0F: ;0x86;0x40;0x80;0x2A;0x00;0x00;0x00;0x00;
Data received @ 0x11: ;0xFC;0x03;0xFC;0xFC;0xFC;0x0F;0x00;0x00;
Data received @ 0x0C: ;0x98;0x80;0x78;0x60;
Data received @ 0x38: ;0x1C;0x40;0x00;0x14;
End of searching button 
Searching button data
Data received @ 0x0E: ;0x03;0x00;0x00;0x00;0xA2;0x00;0x00;0x00;
Data received @ 0x0F: ;0x86;0x40;0x80;0x2A;0x00;0x00;0x00;0x00;
Data received @ 0x11: ;0xE3;0x04;0xFC;0xFC;0xFC;0x0F;0x00;0x00;
Data received @ 0x0C: ;0x48;0x80;0xA8;0x60;
Data received @ 0x38: ;0x1C;0x40;0x00;0x14;
End of searching button 
Searching button data
Data received @ 0x0E: ;0x04;0x00;0x00;0x00;0xA2;0x00;0x00;0x00;
Data received @ 0x0F: ;0x86;0x40;0x80;0x2A;0x00;0x00;0x00;0x00;
Data received @ 0x11: ;0x11;0x05;0xFC;0xFC;0xFC;0x0F;0x00;0x00;
Data received @ 0x0C: ;0x38;0x80;0xD8;0x60;
Data received @ 0x38: ;0x1C;0x40;0x00;0x14;
End of searching button 
Searching button data
Data received @ 0x0E: ;0x05;0x00;0x00;0x00;0xA2;0x00;0x00;0x00;
Data received @ 0x0F: ;0x86;0x40;0x80;0x2A;0x00;0x00;0x00;0x00;
Data received @ 0x11: ;0x06;0x06;0xFC;0xFC;0xFC;0x0F;0x00;0x00;
Data received @ 0x0C: ;0xE8;0x80;0x08;0x60;
Data received @ 0x38: ;0x1C;0x40;0x00;0x14;
End of searching button 
Searching button data
Data received @ 0x0E: ;0x06;0x00;0x00;0x00;0xA2;0x00;0x00;0x00;
Data received @ 0x0F: ;0x86;0x40;0x80;0x2A;0x00;0x00;0x00;0x00;
Data received @ 0x11: ;0xEF;0x07;0xFC;0xFC;0xFC;0x0F;0x00;0x00;
Data received @ 0x0C: ;0xD8;0x80;0x38;0x60;
Data received @ 0x38: ;0x1C;0x40;0x00;0x14;
End of searching button 
Searching button data
Data received @ 0x0E: ;0x07;0x00;0x00;0x00;0xA2;0x00;0x00;0x00;
Data received @ 0x0F: ;0x86;0x40;0x80;0x2A;0x00;0x00;0x00;0x00;
Data received @ 0x11: ;0x7C;0x08;0xFC;0xFC;0xFC;0x0F;0x00;0x00;
Data received @ 0x0C: ;0x88;0x80;0x68;0x60;
Data received @ 0x38: ;0x1C;0x40;0x00;0x14;
End of searching button 
Searching button data
Data received @ 0x0E: ;0x08;0x00;0x00;0x00;0xA2;0x00;0x00;0x00;
Data received @ 0x0F: ;0x86;0x40;0x80;0x2A;0x00;0x00;0x00;0x00;
Data received @ 0x11: ;0x4C;0x09;0xFC;0xFC;0xFC;0x0F;0x00;0x00;
Data received @ 0x0C: ;0x78;0x80;0x98;0x60;
Data received @ 0x38: ;0x1C;0x40;0x00;0x14;
End of searching button 
Searching button data
Data received @ 0x0E: ;0x09;0x00;0x00;0x00;0xA2;0x00;0x00;0x00;
Data received @ 0x0F: ;0x86;0x40;0x80;0x2A;0x00;0x00;0x00;0x00;
Data received @ 0x11: ;0x60;0x0A;0xFC;0xFC;0xFC;0x0F;0x00;0x00;
Data received @ 0x0C: ;0x28;0x80;0xC8;0x60;
Data received @ 0x38: ;0x1C;0x40;0x00;0x14;
End of searching button 
Searching button data
Data received @ 0x0E: ;0x0A;0x00;0x00;0x00;0xA2;0x00;0x00;0x00;
Data received @ 0x0F: ;0x86;0x40;0x80;0x2A;0x00;0x00;0x00;0x00;
Data received @ 0x11: ;0x68;0x0B;0xFC;0xFC;0xFC;0x0F;0x00;0x00;
Data received @ 0x0C: ;0x18;0x80;0xF8;0x60;
Data received @ 0x38: ;0x1C;0x40;0x00;0x14;
End of searching button 
Searching button data
Data received @ 0x0E: ;0x0B;0x00;0x00;0x00;0xA2;0x00;0x00;0x00;
Data received @ 0x0F: ;0x86;0x40;0x80;0x2A;0x00;0x00;0x00;0x00;
Data received @ 0x11: ;0x07;0x0C;0xFC;0xFC;0xFC;0x0F;0x00;0x00;
Data received @ 0x0C: ;0xC8;0x80;0x28;0x60;
Data received @ 0x38: ;0x1C;0x40;0x00;0x14;
End of searching button 
Searching button data
Data received @ 0x0E: ;0x0C;0x00;0x00;0x00;0xA2;0x00;0x00;0x00;
Data received @ 0x0F: ;0x86;0x40;0x80;0x2A;0x00;0x00;0x00;0x00;
Data received @ 0x11: ;0x66;0x0D;0xFC;0xFC;0xFC;0x0F;0x00;0x00;
Data received @ 0x0C: ;0xB8;0x80;0x58;0x60;
Data received @ 0x38: ;0x1C;0x40;0x00;0x14;
End of searching button 
Searching button data
Data received @ 0x0E: ;0x0D;0x00;0x00;0x00;0xA2;0x00;0x00;0x00;
Data received @ 0x0F: ;0x86;0x40;0x80;0x2A;0x00;0x00;0x00;0x00;
Data received @ 0x11: ;0x70;0x0E;0xFC;0xFC;0xFC;0x0F;0x00;0x00;
Data received @ 0x0C: ;0x68;0x80;0x88;0x60;
Data received @ 0x38: ;0x1C;0x40;0x00;0x14;
End of searching button 
Searching button data
Data received @ 0x0E: ;0x0E;0x00;0x00;0x00;0xA2;0x00;0x00;0x00;
Data received @ 0x0F: ;0x86;0x40;0x80;0x2A;0x00;0x00;0x00;0x00;
Data received @ 0x11: ;0x3C;0x0F;0xFC;0xFC;0xFC;0x0F;0x00;0x00;
Data received @ 0x0C: ;0x58;0x80;0xB8;0x60;
Data received @ 0x38: ;0x1C;0x40;0x00;0x14;
End of searching button 
Searching button data
Data received @ 0x0E: ;0x0F;0x00;0x00;0x00;0xA2;0x00;0x00;0x00;
Data received @ 0x0F: ;0x86;0x40;0x80;0x2A;0x00;0x00;0x00;0x00;
Data received @ 0x11: ;0x92;0x00;0xFC;0xFC;0xFC;0x0F;0x00;0x00;
Data received @ 0x0C: ;0x08;0x80;0xE8;0x60;
Data received @ 0x38: ;0x1C;0x40;0x00;0x14;
End of searching button 
Searching button data
Data received @ 0x0E: ;0x00;0x00;0x00;0x00;0xA2;0x00;0x00;0x00;
Data received @ 0x0F: ;0x86;0x40;0x80;0x2A;0x00;0x00;0x00;0x00;
Data received @ 0x11: ;0xE7;0x01;0xFC;0xFC;0xFC;0x0F;0x00;0x00;
Data received @ 0x0C: ;0xF8;0x80;0x18;0x60;
Data received @ 0x38: ;0x1C;0x40;0x00;0x14;
End of searching button 
Searching button data
Data received @ 0x0E: ;0x01;0x00;0x00;0x00;0xA2;0x00;0x00;0x00;
Data received @ 0x0F: ;0x86;0x40;0x80;0x2A;0x00;0x00;0x00;0x00;
Data received @ 0x11: ;0x4D;0x02;0xFC;0xFC;0xFC;0x0F;0x00;0x00;
Data received @ 0x0C: ;0xA8;0x80;0x48;0x60;
Data received @ 0x38: ;0x1C;0x40;0x00;0x14;
End of searching button 
Searching button data
Data received @ 0x0E: ;0x02;0x00;0x00;0x00;0xA2;0x00;0x00;0x00;
Data received @ 0x0F: ;0x86;0x40;0x80;0x2A;0x00;0x00;0x00;0x00;
Data received @ 0x11: ;0xFC;0x03;0xFC;0xFC;0xFC;0x0F;0x00;0x00;
Data received @ 0x0C: ;0x98;0x80;0x78;0x60;
Data received @ 0x38: ;0x1C;0x40;0x00;0x14;
End of searching button 
Searching button data
Data received @ 0x0E: ;0x03;0x00;0x00;0x00;0xA2;0x00;0x00;0x00;
Data received @ 0x0F: ;0x86;0x40;0x80;0x2A;0x00;0x00;0x00;0x00;
Data received @ 0x11: ;0xE3;0x04;0xFC;0xFC;0xFC;0x0F;0x00;0x00;
Data received @ 0x0C: ;0x48;0x80;0xA8;0x60;
Data received @ 0x38: ;0x1C;0x40;0x00;0x14;
End of searching button 
Searching button data
Data received @ 0x0E: ;0x04;0x00;0x00;0x00;0xA2;0x00;0x00;0x00;
Data received @ 0x0F: ;0x86;0x40;0x80;0x2A;0x00;0x00;0x00;0x00;
Data received @ 0x11: ;0x11;0x05;0xFC;0xFC;0xFC;0x0F;0x00;0x00;
Data received @ 0x0C: ;0x38;0x80;0xD8;0x60;
Data received @ 0x38: ;0x1C;0x40;0x00;0x14;
End of searching button 
Searching button data
Data received @ 0x0E: ;0x05;0x00;0x00;0x00;0xA2;0x00;0x00;0x00;
Data received @ 0x0F: ;0x86;0x40;0x80;0x2A;0x00;0x00;0x00;0x00;
Data received @ 0x11: ;0x06;0x06;0xFC;0xFC;0xFC;0x0F;0x00;0x00;
Data received @ 0x0C: ;0xE8;0x80;0x08;0x60;
Data received @ 0x38: ;0x1C;0x40;0x00;0x14;
End of searching button 
Searching button data
Data received @ 0x0E: ;0x06;0x00;0x00;0x00;0xA2;0x00;0x00;0x00;
Data received @ 0x0F: ;0x86;0x40;0x80;0x2A;0x00;0x00;0x00;0x00;
Data received @ 0x11: ;0xEF;0x07;0xFC;0xFC;0xFC;0x0F;0x00;0x00;
Data received @ 0x0C: ;0xD8;0x80;0x38;0x60;
Data received @ 0x38: ;0x1C;0x40;0x00;0x14;
End of searching button 
Searching button data
Data received @ 0x0E: ;0x07;0x00;0x00;0x00;0xA2;0x00;0x00;0x00;
Data received @ 0x0F: ;0x86;0x40;0x80;0x2A;0x00;0x00;0x00;0x00;
Data received @ 0x11: ;0x7C;0x08;0xFC;0xFC;0xFC;0x0F;0x00;0x00;
Data received @ 0x0C: ;0x88;0x80;0x68;0x60;
Data received @ 0x38: ;0x1C;0x40;0x00;0x14;
End of searching button 
Searching button data
Data received @ 0x0E: ;0x08;0x00;0x00;0x00;0xA2;0x00;0x00;0x00;
Data received @ 0x0F: ;0x86;0x40;0x80;0x2A;0x00;0x00;0x00;0x00;
Data received @ 0x11: ;0x4C;0x09;0xFC;0xFC;0xFC;0x0F;0x00;0x00;
Data received @ 0x0C: ;0x78;0x80;0x98;0x60;
Data received @ 0x38: ;0x1C;0x40;0x00;0x14;
End of searching button 
Searching button data
Data received @ 0x0E: ;0x09;0x00;0x00;0x00;0xA2;0x00;0x00;0x00;
Data received @ 0x0F: ;0x86;0x40;0x80;0x2A;0x00;0x00;0x00;0x00;
Data received @ 0x11: ;0x60;0x0A;0xFC;0xFC;0xFC;0x0F;0x00;0x00;
Data received @ 0x0C: ;0x28;0x80;0xC8;0x60;
Data received @ 0x38: ;0x1C;0x40;0x00;0x14;
End of searching button 
Searching button data
Data received @ 0x0E: ;0x0A;0x00;0x00;0x00;0xA2;0x00;0x00;0x00;
Data received @ 0x0F: ;0x86;0x40;0x80;0x2A;0x00;0x00;0x00;0x00;
Data received @ 0x11: ;0x68;0x0B;0xFC;0xFC;0xFC;0x0F;0x00;0x00;
Data received @ 0x0C: ;0x18;0x80;0xF8;0x60;
Data received @ 0x38: ;0x1C;0x40;0x00;0x14;
End of searching button 
Searching button data
Data received @ 0x0E: ;0x0B;0x00;0x00;0x00;0xA2;0x00;0x00;0x00;
Data received @ 0x0F: ;0x86;0x40;0x80;0x2A;0x00;0x00;0x00;0x00;
Data received @ 0x11: ;0x07;0x0C;0xFC;0xFC;0xFC;0x0F;0x00;0x00;
Data received @ 0x0C: ;0xC8;0x80;0x28;0x60;
Data received @ 0x38: ;0x1C;0x40;0x00;0x14;
End of searching button 
Searching button data
Data received @ 0x0E: ;0x1C;0x70;0x00;0x01;0xA2;0x00;0x00;0x00;
Data received @ 0x0F: ;0x86;0x40;0x80;0x2A;0x00;0x00;0x00;0x00;
Data received @ 0x11: ;0x66;0x0D;0xFC;0xFC;0xFC;0x0F;0x00;0x00;
Data received @ 0x0C: ;0xB8;0x80;0x58;0x60;
Data received @ 0x38: ;0x1C;0x40;0x00;0x14;
End of searching button 
Searching button data
Data received @ 0x0E: ;0x0D;0x00;0x00;0x00;0xA2;0x00;0x00;0x00;
Data received @ 0x0F: ;0x86;0x40;0x80;0x2A;0x00;0x00;0x00;0x00;
Data received @ 0x11: ;0x70;0x0E;0xFC;0xFC;0xFC;0x0F;0x00;0x00;
Data received @ 0x0C: ;0x68;0x80;0x88;0x60;
Data received @ 0x38: ;0x1C;0x40;0x00;0x14;
End of searching button 
Searching button data
Data received @ 0x0E: ;0x0E;0x00;0x00;0x00;0xA2;0x00;0x00;0x00;
Data received @ 0x0F: ;0x86;0x40;0x80;0x2A;0x00;0x00;0x00;0x00;
Data received @ 0x11: ;0x3C;0x0F;0xFC;0xFC;0xFC;0x0F;0x00;0x00;
Data received @ 0x0C: ;0x58;0x80;0xB8;0x60;
Data received @ 0x38: ;0x1C;0x40;0x00;0x14;
End of searching button 
Searching button data
Data received @ 0x0E: ;0x0F;0x00;0x00;0x00;0xA2;0x00;0x00;0x00;
Data received @ 0x0F: ;0x86;0x40;0x80;0x2A;0x00;0x00;0x00;0x00;
Data received @ 0x11: ;0x92;0x00;0xFC;0xFC;0xFC;0x0F;0x00;0x00;
Data received @ 0x0C: ;0x08;0x80;0xE8;0x60;
Data received @ 0x38: ;0x1C;0x40;0x00;0x14;
End of searching button 
Searching button data
Data received @ 0x0E: ;0x00;0x00;0x00;0x00;0xA2;0x00;0x00;0x00;
Data received @ 0x0F: ;0x86;0x40;0x80;0x2A;0x00;0x00;0x00;0x00;
Data received @ 0x11: ;0xE7;0x01;0xFC;0xFC;0xFC;0x0F;0x00;0x00;
Data received @ 0x0C: ;0xF8;0x80;0x18;0x60;
Data received @ 0x38: ;0x1C;0x40;0x00;0x14;
End of searching button 
Searching button data
Data received @ 0x0E: ;0x01;0x00;0x00;0x00;0xA2;0x00;0x00;0x00;
Data received @ 0x0F: ;0x86;0x40;0x80;0x2A;0x00;0x00;0x00;0x00;
Data received @ 0x11: ;0x4D;0x02;0xFC;0xFC;0xFC;0x0F;0x00;0x00;
Data received @ 0x0C: ;0xA8;0x80;0x48;0x60;
Data received @ 0x38: ;0x1C;0x40;0x00;0x14;
End of searching button 
Searching button data
Data received @ 0x0E: ;0x02;0x00;0x00;0x00;0xA2;0x00;0x00;0x00;
Data received @ 0x0F: ;0x86;0x40;0x80;0x2A;0x00;0x00;0x00;0x00;
Data received @ 0x11: ;0xFC;0x03;0xFC;0xFC;0xFC;0x0F;0x00;0x00;
Data received @ 0x0C: ;0x98;0x80;0x78;0x60;
Data received @ 0x38: ;0x1C;0x40;0x00;0x14;
End of searching button 
Searching button data
Data received @ 0x0E: ;0x03;0x00;0x00;0x00;0xA2;0x00;0x00;0x00;
Data received @ 0x0F: ;0x86;0x40;0x80;0x2A;0x00;0x00;0x00;0x00;
Data received @ 0x11: ;0xE3;0x04;0xFC;0xFC;0xFC;0x0F;0x00;0x00;
Data received @ 0x0C: ;0x48;0x80;0xA8;0x60;
Data received @ 0x38: ;0x1C;0x40;0x00;0x14;
End of searching button 
Searching button data
Data received @ 0x0E: ;0x14;0x00;0x00;0x00;0xA2;0x00;0x00;0x00;
Data received @ 0x0F: ;0x86;0x40;0x80;0x2A;0x00;0x00;0x00;0x00;
Data received @ 0x11: ;0x11;0x05;0xFC;0xFC;0xFC;0x0F;0x00;0x00;
Data received @ 0x0C: ;0x38;0x80;0xD8;0x60;
Data received @ 0x38: ;0x1C;0x40;0x00;0x14;
End of searching button 
Searching button data
Data received @ 0x0E: ;0x15;0x00;0x00;0x00;0xA2;0x00;0x00;0x00;
Data received @ 0x0F: ;0x86;0x40;0x80;0x2A;0x00;0x00;0x00;0x00;
Data received @ 0x11: ;0x06;0x06;0xFC;0xFC;0xFC;0x0F;0x00;0x00;
Data received @ 0x0C: ;0xE8;0x80;0x08;0x60;
Data received @ 0x38: ;0x1C;0x40;0x00;0x14;
End of searching button 
Searching button data
Data received @ 0x0E: ;0x16;0x00;0x00;0x00;0xA2;0x00;0x00;0x00;
Data received @ 0x0F: ;0x86;0x40;0x80;0x2A;0x00;0x00;0x00;0x00;
Data received @ 0x11: ;0xEF;0x07;0xFC;0xFC;0xFC;0x0F;0x00;0x00;
Data received @ 0x0C: ;0xD8;0x80;0x38;0x60;
Data received @ 0x38: ;0x1C;0x40;0x00;0x14;
End of searching button 
Searching button data
Data received @ 0x0E: ;0x17;0x00;0x00;0x00;0xA2;0x00;0x00;0x00;
Data received @ 0x0F: ;0x86;0x40;0x80;0x2A;0x00;0x00;0x00;0x00;
Data received @ 0x11: ;0x7C;0x08;0xFC;0xFC;0xFC;0x0F;0x00;0x00;
Data received @ 0x0C: ;0x88;0x80;0x68;0x60;
Data received @ 0x38: ;0x1C;0x40;0x00;0x14;
End of searching button 
Searching button data
Data received @ 0x0E: ;0x18;0x00;0x00;0x00;0xA2;0x00;0x00;0x00;
Data received @ 0x0F: ;0x86;0x40;0x80;0x2A;0x00;0x00;0x00;0x00;
Data received @ 0x11: ;0x4C;0x09;0xFC;0xFC;0xFC;0x0F;0x00;0x00;
Data received @ 0x0C: ;0x78;0x80;0x98;0x60;
Data received @ 0x38: ;0x1C;0x40;0x00;0x14;
End of searching button 
Searching button data
Data received @ 0x0E: ;0x19;0x00;0x00;0x00;0xA2;0x00;0x00;0x00;
Data received @ 0x0F: ;0x86;0x40;0x80;0x2A;0x00;0x00;0x00;0x00;
Data received @ 0x11: ;0x60;0x0A;0xFC;0xFC;0xFC;0x0F;0x00;0x00;
Data received @ 0x0C: ;0x28;0x80;0xC8;0x60;
Data received @ 0x38: ;0x1C;0x40;0x00;0x14;
End of searching button 
Searching button data
Data received @ 0x0E: ;0x1A;0x00;0x00;0x00;0xA2;0x00;0x00;0x00;
Data received @ 0x0F: ;0x86;0x40;0x80;0x2A;0x00;0x00;0x00;0x00;
Data received @ 0x11: ;0x68;0x0B;0xFC;0xFC;0xFC;0x0F;0x00;0x00;
Data received @ 0x0C: ;0x18;0x80;0xF8;0x60;
Data received @ 0x38: ;0x1C;0x40;0x00;0x14;
End of searching button 
Searching button data
Data received @ 0x0E: ;0x0B;0x00;0x00;0x00;0xA2;0x00;0x00;0x00;
Data received @ 0x0F: ;0x86;0x40;0x80;0x2A;0x00;0x00;0x00;0x00;
Data received @ 0x11: ;0x07;0x0C;0xFC;0xFC;0xFC;0x0F;0x00;0x00;
Data received @ 0x0C: ;0xC8;0x80;0x28;0x60;
Data received @ 0x38: ;0x1C;0x40;0x00;0x14;
End of searching button 
Searching button data
Data received @ 0x0E: ;0x0C;0x00;0x00;0x00;0xA2;0x00;0x00;0x00;
Data received @ 0x0F: ;0x86;0x40;0x80;0x2A;0x00;0x00;0x00;0x00;
Data received @ 0x11: ;0x66;0x0D;0xFC;0xFC;0xFC;0x0F;0x00;0x00;
Data received @ 0x0C: ;0xB8;0x80;0x58;0x60;
Data received @ 0x38: ;0x1C;0x40;0x00;0x14;
End of searching button 
Searching button data
Data received @ 0x0E: ;0x0D;0x00;0x00;0x00;0xA2;0x00;0x00;0x00;
Data received @ 0x0F: ;0x86;0x40;0x80;0x2A;0x00;0x00;0x00;0x00;
Data received @ 0x11: ;0x70;0x0E;0xFC;0xFC;0xFC;0x0F;0x00;0x00;
Data received @ 0x0C: ;0x68;0x80;0x88;0x60;
Data received @ 0x38: ;0x1C;0x40;0x00;0x14;
End of searching button 
Searching button data
Data received @ 0x0E: ;0x0E;0x00;0x00;0x00;0xA2;0x00;0x00;0x00;
Data received @ 0x0F: ;0x86;0x40;0x80;0x2A;0x00;0x00;0x00;0x00;
Data received @ 0x11: ;0x3C;0x0F;0xFC;0xFC;0xFC;0x0F;0x00;0x00;
Data received @ 0x0C: ;0x58;0x80;0xB8;0x60;
Data received @ 0x38: ;0x1C;0x40;0x00;0x14;
End of searching button 
Searching button data
Data received @ 0x0E: ;0x0F;0x00;0x00;0x00;0xA2;0x00;0x00;0x00;
Data received @ 0x0F: ;0x86;0x40;0x80;0x2A;0x00;0x00;0x00;0x00;
Data received @ 0x11: ;0x92;0x00;0xFC;0xFC;0xFC;0x0F;0x00;0x00;
Data received @ 0x0C: ;0x08;0x80;0xE8;0x60;
Data received @ 0x38: ;0x1C;0x40;0x00;0x14;
End of searching button 
Searching button data
Data received @ 0x0E: ;0x00;0x00;0x00;0x00;0xA2;0x00;0x00;0x00;
Data received @ 0x0F: ;0x86;0x40;0x80;0x2A;0x00;0x00;0x00;0x00;
Data received @ 0x11: ;0xE7;0x01;0xFC;0xFC;0xFC;0x0F;0x00;0x00;
Data received @ 0x0C: ;0xF8;0x80;0x18;0x60;
Data received @ 0x38: ;0x1C;0x40;0x00;0x14;
End of searching button 
Searching button data
Data received @ 0x0E: ;0x01;0x00;0x00;0x00;0xA2;0x00;0x00;0x00;
Data received @ 0x0F: ;0x86;0x40;0x80;0x2A;0x00;0x00;0x00;0x00;
Data received @ 0x11: ;0x4D;0x02;0xFC;0xFC;0xFC;0x0F;0x00;0x00;
Data received @ 0x0C: ;0xA8;0x80;0x48;0x60;
Data received @ 0x38: ;0x1C;0x40;0x00;0x14;
End of searching button 
Searching button data
Data received @ 0x0E: ;0x12;0x00;0x00;0x00;0xA2;0x00;0x00;0x00;
Data received @ 0x0F: ;0x86;0x40;0x80;0x2A;0x00;0x00;0x00;0x00;
Data received @ 0x11: ;0xFC;0x03;0xFC;0xFC;0xFC;0x0F;0x00;0x00;
Data received @ 0x0C: ;0x98;0x80;0x78;0x60;
Data received @ 0x38: ;0x1C;0x40;0x00;0x14;
End of searching button 
Searching button data
Data received @ 0x0E: ;0x13;0x00;0x00;0x00;0xA2;0x00;0x00;0x00;
Data received @ 0x0F: ;0x86;0x40;0x80;0x2A;0x00;0x00;0x00;0x00;
Data received @ 0x11: ;0xE3;0x04;0xFC;0xFC;0xFC;0x0F;0x00;0x00;
Data received @ 0x0C: ;0x48;0x80;0xA8;0x60;
Data received @ 0x38: ;0x1C;0x40;0x00;0x14;
End of searching button 
Searching button data
Data received @ 0x0E: ;0x14;0x00;0x00;0x00;0xA2;0x00;0x00;0x00;
Data received @ 0x0F: ;0x86;0x40;0x80;0x2A;0x00;0x00;0x00;0x00;
Data received @ 0x11: ;0x11;0x05;0xFC;0xFC;0xFC;0x0F;0x00;0x00;
Data received @ 0x0C: ;0x38;0x80;0xD8;0x60;
Data received @ 0x38: ;0x1C;0x40;0x00;0x14;
End of searching button 
Searching button data
Data received @ 0x0E: ;0x15;0x00;0x00;0x00;0xA2;0x00;0x00;0x00;
Data received @ 0x0F: ;0x86;0x40;0x80;0x2A;0x00;0x00;0x00;0x00;
Data received @ 0x11: ;0x06;0x06;0xFC;0xFC;0xFC;0x0F;0x00;0x00;
Data received @ 0x0C: ;0xE8;0x80;0x08;0x60;
Data received @ 0x38: ;0x1C;0x40;0x00;0x14;
End of searching button 
Searching button data
Data received @ 0x0E: ;0x16;0x00;0x00;0x00;0xA2;0x00;0x00;0x00;
Data received @ 0x0F: ;0x86;0x40;0x80;0x2A;0x00;0x00;0x00;0x00;
Data received @ 0x11: ;0xEF;0x07;0xFC;0xFC;0xFC;0x0F;0x00;0x00;
Data received @ 0x0C: ;0xD8;0x80;0x38;0x60;
Data received @ 0x38: ;0x1C;0x40;0x00;0x14;
End of searching button 
Searching button data
Data received @ 0x0E: ;0x17;0x00;0x00;0x00;0xA2;0x00;0x00;0x00;
Data received @ 0x0F: ;0x86;0x40;0x80;0x2A;0x00;0x00;0x00;0x00;
Data received @ 0x11: ;0x7C;0x08;0xFC;0xFC;0xFC;0x0F;0x00;0x00;
Data received @ 0x0C: ;0x88;0x80;0x68;0x60;
Data received @ 0x38: ;0x1C;0x40;0x00;0x14;
End of searching button 
Searching button data
Data received @ 0x0E: ;0x18;0x00;0x00;0x00;0xA2;0x00;0x00;0x00;
Data received @ 0x0F: ;0x86;0x40;0x80;0x2A;0x00;0x00;0x00;0x00;
Data received @ 0x11: ;0x4C;0x09;0xFC;0xFC;0xFC;0x0F;0x00;0x00;
Data received @ 0x0C: ;0x78;0x80;0x98;0x60;
Data received @ 0x38: ;0x1C;0x40;0x00;0x14;
End of searching button 
Searching button data
Data received @ 0x0E: ;0x09;0x00;0x00;0x00;0xA2;0x00;0x00;0x00;
Data received @ 0x0F: ;0x86;0x40;0x80;0x2A;0x00;0x00;0x00;0x00;
Data received @ 0x11: ;0x60;0x0A;0xFC;0xFC;0xFC;0x0F;0x00;0x00;
Data received @ 0x0C: ;0x28;0x80;0xC8;0x60;
Data received @ 0x38: ;0x1C;0x40;0x00;0x14;
End of searching button 
Searching button data
Data received @ 0x0E: ;0x0A;0x00;0x00;0x00;0xA2;0x00;0x00;0x00;
Data received @ 0x0F: ;0x86;0x40;0x80;0x2A;0x00;0x00;0x00;0x00;
Data received @ 0x11: ;0x68;0x0B;0xFC;0xFC;0xFC;0x0F;0x00;0x00;
Data received @ 0x0C: ;0x18;0x80;0xF8;0x60;
Data received @ 0x38: ;0x1C;0x40;0x00;0x14;
End of searching button 
Searching button data
Data received @ 0x0E: ;0x0B;0x00;0x00;0x00;0xA2;0x00;0x00;0x00;
Data received @ 0x0F: ;0x86;0x40;0x80;0x2A;0x00;0x00;0x00;0x00;
Data received @ 0x11: ;0x07;0x0C;0xFC;0xFC;0xFC;0x0F;0x00;0x00;
Data received @ 0x0C: ;0xC8;0x80;0x28;0x60;
Data received @ 0x38: ;0x1C;0x40;0x00;0x14;
End of searching button 
Searching button data
Data received @ 0x0E: ;0x0C;0x00;0x00;0x00;0xA2;0x00;0x00;0x00;
Data received @ 0x0F: ;0x86;0x40;0x80;0x2A;0x00;0x00;0x00;0x00;
Data received @ 0x11: ;0x66;0x0D;0xFC;0xFC;0xFC;0x0F;0x00;0x00;
Data received @ 0x0C: ;0xB8;0x80;0x58;0x60;
Data received @ 0x38: ;0x1C;0x40;0x00;0x14;
End of searching button 
Searching button data
Data received @ 0x0E: ;0x0D;0x00;0x00;0x00;0xA2;0x00;0x00;0x00;
Data received @ 0x0F: ;0x86;0x40;0x80;0x2A;0x00;0x00;0x00;0x00;
Data received @ 0x11: ;0x70;0x0E;0xFC;0xFC;0xFC;0x0F;0x00;0x00;
Data received @ 0x0C: ;0x68;0x80;0x88;0x60;
Data received @ 0x38: ;0x1C;0x40;0x00;0x14;
End of searching button 
Searching button data
Data received @ 0x0E: ;0x0E;0x00;0x00;0x00;0xA2;0x00;0x00;0x00;
Data received @ 0x0F: ;0x86;0x40;0x80;0x2A;0x00;0x00;0x00;0x00;
Data received @ 0x11: ;0x3C;0x0F;0xFC;0xFC;0xFC;0x0F;0x00;0x00;
Data received @ 0x0C: ;0x58;0x80;0xB8;0x60;
Data received @ 0x38: ;0x1C;0x40;0x00;0x14;
End of searching button 
Searching button data
Data received @ 0x0E: ;0x0F;0x00;0x00;0x00;0xA2;0x00;0x00;0x00;
Data received @ 0x0F: ;0x86;0x40;0x80;0x2A;0x00;0x00;0x00;0x00;
Data received @ 0x11: ;0x92;0x00;0xFC;0xFC;0xFC;0x0F;0x00;0x00;
Data received @ 0x0C: ;0x08;0x80;0xE8;0x60;
Data received @ 0x38: ;0x1C;0x40;0x00;0x14;
End of searching button 
Searching button data
Data received @ 0x0E: ;0x10;0x00;0x00;0x00;0xA2;0x00;0x00;0x00;
Data received @ 0x0F: ;0x86;0x40;0x80;0x2A;0x00;0x00;0x00;0x00;
Data received @ 0x11: ;0xE7;0x01;0xFC;0xFC;0xFC;0x0F;0x00;0x00;
Data received @ 0x0C: ;0xF8;0x80;0x18;0x60;
Data received @ 0x38: ;0x1C;0x40;0x00;0x14;
End of searching button 
