starting to GuessFrameIds
GuessFrameId: ;0x0C; GuessNumData: ;4;
GuessFrameId: ;0x0E; GuessNumData: ;8; -Case2:
GuessFrameId: ;0x0F; GuessNumData: ;8; -Case2:
GuessFrameId: ;0x11; GuessNumData: ;8; -Case2:
GuessFrameId: ;0x38; GuessNumData: ;4;
End of GuessFrameIds
starting to GuessFrameIds
GuessFrameId: ;0x0C; GuessNumData: ;4;
GuessFrameId: ;0x0E; GuessNumData: ;8;
GuessFrameId: ;0x0F; GuessNumData: ;8;
GuessFrameId: ;0x11; GuessNumData: ;8;
GuessFrameId: ;0x38; GuessNumData: ;4;
End of GuessFrameIds
starting to GuessFrameIds
GuessFrameId: ;0x0C; GuessNumData: ;4;
GuessFrameId: ;0x0E; GuessNumData: ;8;
GuessFrameId: ;0x0F; GuessNumData: ;8;
GuessFrameId: ;0x11; GuessNumData: ;8;
GuessFrameId: ;0x38; GuessNumData: ;4;
End of GuessFrameIds
starting to GuessFrameIds
