starting to GuessFrameIds
MasterRequestID: ;0x00; GuessNumData: ;1;
	0	0xFF
MasterRequestID: ;0x00; GuessNumData: ;2;
	0	0xFF
	1	0xFF
MasterRequestID: ;0x00; GuessNumData: ;3;
	0	0xFF
	1	0xFF
	2	0xFF
MasterRequestID: ;0x00; GuessNumData: ;4;
	0	0xFF
	1	0xFF
	2	0xFF
	3	0xFF
MasterRequestID: ;0x00; GuessNumData: ;5;
	0	0xFF
	1	0xFF
	2	0xFF
	3	0xFF
	4	0xFF
MasterRequestID: ;0x00; GuessNumData: ;6;
	0	0xFF
	1	0xFF
	2	0xFF
	3	0xFF
	4	0xFF
	5	0xFF
MasterRequestID: ;0x00; GuessNumData: ;7;
	0	0xFF
	1	0xFF
	2	0xFF
	3	0xFF
	4	0xFF
	5	0xFF
	6	0xFF
MasterRequestID: ;0x00; GuessNumData: ;8;
	0	0xFF
	1	0xFF
	2	0xFF
	3	0xFF
	4	0xFF
	5	0xFF
	6	0xFF
	7	0xFF
MasterRequestID: ;0x01; GuessNumData: ;1;
	0	0xFF
MasterRequestID: ;0x01; GuessNumData: ;2;
	0	0xFF
	1	0xFF
MasterRequestID: ;0x01; GuessNumData: ;3;
	0	0xFF
	1	0xFF
	2	0xFF
MasterRequestID: ;0x01; GuessNumData: ;4;
	0	0xFF
	1	0xFF
	2	0xFF
	3	0xFF
MasterRequestID: ;0x01; GuessNumData: ;5;
	0	0xFF
	1	0xFF
	2	0xFF
	3	0xFF
	4	0xFF
MasterRequestID: ;0x01; GuessNumData: ;6;
	0	0xFF
	1	0xFF
	2	0xFF
	3	0xFF
	4	0xFF
	5	0xFF
MasterRequestID: ;0x01; GuessNumData: ;7;
	0	0xFF
	1	0xFF
	2	0xFF
	3	0xFF
	4	0xFF
	5	0xFF
	6	0xFF
MasterRequestID: ;0x01; GuessNumData: ;8;
	0	0xFF
	1	0xFF
	2	0xFF
	3	0xFF
	4	0xFF
	5	0xFF
	6	0xFF
	7	0xFF
MasterRequestID: ;0x02; GuessNumData: ;1;
	0	0xFF
MasterRequestID: ;0x02; GuessNumData: ;2;
	0	0xFF
	1	0xFF
MasterRequestID: ;0x02; GuessNumData: ;3;
	0	0xFF
	1	0xFF
	2	0xFF
MasterRequestID: ;0x02; GuessNumData: ;4;
	0	0xFF
	1	0xFF
	2	0xFF
	3	0xFF
MasterRequestID: ;0x02; GuessNumData: ;5;
	0	0xFF
	1	0xFF
	2	0xFF
	3	0xFF
	4	0xFF
MasterRequestID: ;0x02; GuessNumData: ;6;
	0	0xFF
	1	0xFF
	2	0xFF
	3	0xFF
	4	0xFF
	5	0xFF
MasterRequestID: ;0x02; GuessNumData: ;7;
	0	0xFF
	1	0xFF
	2	0xFF
	3	0xFF
	4	0xFF
	5	0xFF
	6	0xFF
MasterRequestID: ;0x02; GuessNumData: ;8;
	0	0xFF
	1	0xFF
	2	0xFF
	3	0xFF
	4	0xFF
	5	0xFF
	6	0xFF
	7	0xFF
MasterRequestID: ;0x03; GuessNumData: ;1;
	0	0xFF
MasterRequestID: ;0x03; GuessNumData: ;2;
	0	0xFF
	1	0xFF
MasterRequestID: ;0x03; GuessNumData: ;3;
	0	0xFF
	1	0xFF
	2	0xFF
MasterRequestID: ;0x03; GuessNumData: ;4;
	0	0xFF
	1	0xFF
	2	0xFF
	3	0xFF
MasterRequestID: ;0x03; GuessNumData: ;5;
	0	0xFF
	1	0xFF
	2	0xFF
	3	0xFF
	4	0xFF
MasterRequestID: ;0x03; GuessNumData: ;6;
	0	0xFF
	1	0xFF
	2	0xFF
	3	0xFF
	4	0xFF
	5	0xFF
MasterRequestID: ;0x03; GuessNumData: ;7;
	0	0xFF
	1	0xFF
	2	0xFF
	3	0xFF
	4	0xFF
	5	0xFF
	6	0xFF
MasterRequestID: ;0x03; GuessNumData: ;8;
	0	0xFF
	1	0xFF
	2	0xFF
	3	0xFF
	4	0xFF
	5	0xFF
	6	0xFF
	7	0xFF
MasterRequestID: ;0x04; GuessNumData: ;1;
	0	0xFF
MasterRequestID: ;0x04; GuessNumData: ;2;
	0	0xFF
	1	0xFF
MasterRequestID: ;0x04; GuessNumData: ;3;
	0	0xFF
	1	0xFF
	2	0xFF
MasterRequestID: ;0x04; GuessNumData: ;4;
	0	0xFF
	1	0xFF
	2	0xFF
	3	0xFF
MasterRequestID: ;0x04; GuessNumData: ;5;
	0	0xFF
	1	0xFF
	2	0xFF
	3	0xFF
	4	0xFF
MasterRequestID: ;0x04; GuessNumData: ;6;
	0	0xFF
	1	0xFF
	2	0xFF
	3	0xFF
	4	0xFF
	5	0xFF
MasterRequestID: ;0x04; GuessNumData: ;7;
	0	0xFF
	1	0xFF
	2	0xFF
	3	0xFF
	4	0xFF
	5	0xFF
	6	0xFF
MasterRequestID: ;0x04; GuessNumData: ;8;
	0	0xFF
	1	0xFF
	2	0xFF
	3	0xFF
	4	0xFF
	5	0xFF
	6	0xFF
	7	0xFF
MasterRequestID: ;0x05; GuessNumData: ;1;
	0	0xFF
MasterRequestID: ;0x05; GuessNumData: ;2;
	0	0xFF
	1	0xFF
MasterRequestID: ;0x05; GuessNumData: ;3;
	0	0xFF
	1	0xFF
	2	0xFF
MasterRequestID: ;0x05; GuessNumData: ;4;
	0	0xFF
	1	0xFF
	2	0xFF
	3	0xFF
MasterRequestID: ;0x05; GuessNumData: ;5;
	0	0xFF
	1	0xFF
	2	0xFF
	3	0xFF
	4	0xFF
MasterRequestID: ;0x05; GuessNumData: ;6;
	0	0xFF
	1	0xFF
	2	0xFF
	3	0xFF
	4	0xFF
	5	0xFF
MasterRequestID: ;0x05; GuessNumData: ;7;
	0	0xFF
	1	0xFF
	2	0xFF
	3	0xFF
	4	0xFF
	5	0xFF
	6	0xFF
MasterRequestID: ;0x05; GuessNumData: ;8;
	0	0xFF
	1	0xFF
	2	0xFF
	3	0xFF
	4	0xFF
	5	0xFF
	6	0xFF
	7	0xFF
MasterRequestID: ;0x06; GuessNumData: ;1;
	0	0xFF
MasterRequestID: ;0x06; GuessNumData: ;2;
	0	0xFF
	1	0xFF
MasterRequestID: ;0x06; GuessNumData: ;3;
	0	0xFF
	1	0xFF
	2	0xFF
MasterRequestID: ;0x06; GuessNumData: ;4;
	0	0xFF
	1	0xFF
	2	0xFF
	3	0xFF
MasterRequestID: ;0x06; GuessNumData: ;5;
	0	0xFF
	1	0xFF
	2	0xFF
	3	0xFF
	4	0xFF
MasterRequestID: ;0x06; GuessNumData: ;6;
	0	0xFF
	1	0xFF
	2	0xFF
	3	0xFF
	4	0xFF
	5	0xFF
MasterRequestID: ;0x06; GuessNumData: ;7;
	0	0xFF
	1	0xFF
	2	0xFF
	3	0xFF
	4	0xFF
	5	0xFF
	6	0xFF
MasterRequestID: ;0x06; GuessNumData: ;8;
	0	0xFF
	1	0xFF
	2	0xFF
	3	0xFF
	4	0xFF
	5	0xFF
	6	0xFF
	7	0xFF
MasterRequestID: ;0x07; GuessNumData: ;1;
	0	0xFF
MasterRequestID: ;0x07; GuessNumData: ;2;
	0	0xFF
	1	0xFF
MasterRequestID: ;0x07; GuessNumData: ;3;
	0	0xFF
	1	0xFF
	2	0xFF
MasterRequestID: ;0x07; GuessNumData: ;4;
	0	0xFF
	1	0xFF
	2	0xFF
	3	0xFF
MasterRequestID: ;0x07; GuessNumData: ;5;
	0	0xFF
	1	0xFF
	2	0xFF
	3	0xFF
	4	0xFF
MasterRequestID: ;0x07; GuessNumData: ;6;
	0	0xFF
	1	0xFF
	2	0xFF
	3	0xFF
	4	0xFF
	5	0xFF
MasterRequestID: ;0x07; GuessNumData: ;7;
	0	0xFF
	1	0xFF
	2	0xFF
	3	0xFF
	4	0xFF
	5	0xFF
	6	0xFF
MasterRequestID: ;0x07; GuessNumData: ;8;
	0	0xFF
	1	0xFF
	2	0xFF
	3	0xFF
	4	0xFF
	5	0xFF
	6	0xFF
	7	0xFF
MasterRequestID: ;0x08; GuessNumData: ;1;
	0	0xFF
MasterRequestID: ;0x08; GuessNumData: ;2;
	0	0xFF
	1	0xFF
MasterRequestID: ;0x08; GuessNumData: ;3;
	0	0xFF
	1	0xFF
	2	0xFF
MasterRequestID: ;0x08; GuessNumData: ;4;
	0	0xFF
	1	0xFF
	2	0xFF
	3	0xFF
MasterRequestID: ;0x08; GuessNumData: ;5;
	0	0xFF
	1	0xFF
	2	0xFF
	3	0xFF
	4	0xFF
MasterRequestID: ;0x08; GuessNumData: ;6;
	0	0xFF
	1	0xFF
	2	0xFF
	3	0xFF
	4	0xFF
	5	0xFF
MasterRequestID: ;0x08; GuessNumData: ;7;
	0	0xFF
	1	0xFF
	2	0xFF
	3	0xFF
	4	0xFF
	5	0xFF
	6	0xFF
MasterRequestID: ;0x08; GuessNumData: ;8;
	0	0xFF
	1	0xFF
	2	0xFF
	3	0xFF
	4	0xFF
	5	0xFF
	6	0xFF
	7	0xFF
MasterRequestID: ;0x09; GuessNumData: ;1;
	0	0xFF
MasterRequestID: ;0x09; GuessNumData: ;2;
	0	0xFF
	1	0xFF
MasterRequestID: ;0x09; GuessNumData: ;3;
	0	0xFF
	1	0xFF
	2	0xFF
MasterRequestID: ;0x09; GuessNumData: ;4;
	0	0xFF
	1	0xFF
	2	0xFF
	3	0xFF
MasterRequestID: ;0x09; GuessNumData: ;5;
	0	0xFF
	1	0xFF
	2	0xFF
	3	0xFF
	4	0xFF
MasterRequestID: ;0x09; GuessNumData: ;6;
	0	0xFF
	1	0xFF
	2	0xFF
	3	0xFF
	4	0xFF
	5	0xFF
MasterRequestID: ;0x09; GuessNumData: ;7;
	0	0xFF
	1	0xFF
	2	0xFF
	3	0xFF
	4	0xFF
	5	0xFF
	6	0xFF
MasterRequestID: ;0x09; GuessNumData: ;8;
	0	0xFF
	1	0xFF
	2	0xFF
	3	0xFF
	4	0xFF
	5	0xFF
	6	0xFF
	7	0xFF
MasterRequestID: ;0x0A; GuessNumData: ;1;
	0	0xFF
MasterRequestID: ;0x0A; GuessNumData: ;2;
	0	0xFF
	1	0xFF
MasterRequestID: ;0x0A; GuessNumData: ;3;
	0	0xFF
	1	0xFF
	2	0xFF
MasterRequestID: ;0x0A; GuessNumData: ;4;
	0	0xFF
	1	0xFF
	2	0xFF
	3	0xFF
MasterRequestID: ;0x0A; GuessNumData: ;5;
	0	0xFF
	1	0xFF
	2	0xFF
	3	0xFF
	4	0xFF
MasterRequestID: ;0x0A; GuessNumData: ;6;
	0	0xFF
	1	0xFF
	2	0xFF
	3	0xFF
	4	0xFF
	5	0xFF
MasterRequestID: ;0x0A; GuessNumData: ;7;
	0	0xFF
	1	0xFF
	2	0xFF
	3	0xFF
	4	0xFF
	5	0xFF
	6	0xFF
MasterRequestID: ;0x0A; GuessNumData: ;8;
	0	0xFF
	1	0xFF
	2	0xFF
	3	0xFF
	4	0xFF
	5	0xFF
	6	0xFF
	7	0xFF
MasterRequestID: ;0x0B; GuessNumData: ;1;
	0	0xFF
MasterRequestID: ;0x0B; GuessNumData: ;2;
	0	0xFF
	1	0xFF
MasterRequestID: ;0x0B; GuessNumData: ;3;
	0	0xFF
	1	0xFF
	2	0xFF
MasterRequestID: ;0x0B; GuessNumData: ;4;
	0	0xFF
	1	0xFF
	2	0xFF
	3	0xFF
MasterRequestID: ;0x0B; GuessNumData: ;5;
	0	0xFF
	1	0xFF
	2	0xFF
	3	0xFF
	4	0xFF
MasterRequestID: ;0x0B; GuessNumData: ;6;
	0	0xFF
	1	0xFF
	2	0xFF
	3	0xFF
	4	0xFF
	5	0xFF
MasterRequestID: ;0x0B; GuessNumData: ;7;
	0	0xFF
	1	0xFF
	2	0xFF
	3	0xFF
	4	0xFF
	5	0xFF
	6	0xFF
MasterRequestID: ;0x0B; GuessNumData: ;8;
	0	0xFF
	1	0xFF
	2	0xFF
	3	0xFF
	4	0xFF
	5	0xFF
	6	0xFF
	7	0xFF
MasterRequestID: ;0x0D; GuessNumData: ;1;
	0	0xFF
MasterRequestID: ;0x0D; GuessNumData: ;2;
	0	0xFF
	1	0xFF
MasterRequestID: ;0x0D; GuessNumData: ;3;
	0	0xFF
	1	0xFF
	2	0xFF
MasterRequestID: ;0x0D; GuessNumData: ;4;
	0	0xFF
	1	0xFF
	2	0xFF
	3	0xFF
MasterRequestID: ;0x0D; GuessNumData: ;5;
	0	0xFF
	1	0xFF
	2	0xFF
	3	0xFF
	4	0xFF
MasterRequestID: ;0x0D; GuessNumData: ;6;
	0	0xFF
	1	0xFF
	2	0xFF
	3	0xFF
	4	0xFF
	5	0xFF
MasterRequestID: ;0x0D; GuessNumData: ;7;
	0	0xFF
	1	0xFF
	2	0xFF
	3	0xFF
	4	0xFF
	5	0xFF
	6	0xFF
MasterRequestID: ;0x0D; GuessNumData: ;8;
	0	0xFF
	1	0xFF
	2	0xFF
	3	0xFF
	4	0xFF
	5	0xFF
	6	0xFF
	7	0xFF
MasterRequestID: ;0x10; GuessNumData: ;1;
	0	0xFF
MasterRequestID: ;0x10; GuessNumData: ;2;
	0	0xFF
	1	0xFF
MasterRequestID: ;0x10; GuessNumData: ;3;
	0	0xFF
	1	0xFF
	2	0xFF
MasterRequestID: ;0x10; GuessNumData: ;4;
	0	0xFF
	1	0xFF
	2	0xFF
	3	0xFF
MasterRequestID: ;0x10; GuessNumData: ;5;
	0	0xFF
	1	0xFF
	2	0xFF
	3	0xFF
	4	0xFF
MasterRequestID: ;0x10; GuessNumData: ;6;
	0	0xFF
	1	0xFF
	2	0xFF
	3	0xFF
	4	0xFF
	5	0xFF
MasterRequestID: ;0x10; GuessNumData: ;7;
	0	0xFF
	1	0xFF
	2	0xFF
	3	0xFF
	4	0xFF
	5	0xFF
	6	0xFF
MasterRequestID: ;0x10; GuessNumData: ;8;
	0	0xFF
	1	0xFF
	2	0xFF
	3	0xFF
	4	0xFF
	5	0xFF
	6	0xFF
	7	0xFF
MasterRequestID: ;0x12; GuessNumData: ;1;
	0	0xFF
MasterRequestID: ;0x12; GuessNumData: ;2;
	0	0xFF
	1	0xFF
MasterRequestID: ;0x12; GuessNumData: ;3;
	0	0xFF
	1	0xFF
	2	0xFF
MasterRequestID: ;0x12; GuessNumData: ;4;
	0	0xFF
	1	0xFF
	2	0xFF
	3	0xFF
MasterRequestID: ;0x12; GuessNumData: ;5;
	0	0xFF
	1	0xFF
	2	0xFF
	3	0xFF
	4	0xFF
MasterRequestID: ;0x12; GuessNumData: ;6;
	0	0xFF
	1	0xFF
	2	0xFF
	3	0xFF
	4	0xFF
	5	0xFF
MasterRequestID: ;0x12; GuessNumData: ;7;
	0	0xFF
	1	0xFF
	2	0xFF
	3	0xFF
	4	0xFF
	5	0xFF
	6	0xFF
MasterRequestID: ;0x12; GuessNumData: ;8;
	0	0xFF
	1	0xFF
	2	0xFF
	3	0xFF
	4	0xFF
	5	0xFF
	6	0xFF
	7	0xFF
MasterRequestID: ;0x13; GuessNumData: ;1;
	0	0xFF
MasterRequestID: ;0x13; GuessNumData: ;2;
	0	0xFF
	1	0xFF
MasterRequestID: ;0x13; GuessNumData: ;3;
	0	0xFF
	1	0xFF
	2	0xFF
MasterRequestID: ;0x13; GuessNumData: ;4;
	0	0xFF
	1	0xFF
	2	0xFF
	3	0xFF
MasterRequestID: ;0x13; GuessNumData: ;5;
	0	0xFF
	1	0xFF
	2	0xFF
	3	0xFF
	4	0xFF
MasterRequestID: ;0x13; GuessNumData: ;6;
	0	0xFF
	1	0xFF
	2	0xFF
	3	0xFF
	4	0xFF
	5	0xFF
MasterRequestID: ;0x13; GuessNumData: ;7;
	0	0xFF
	1	0xFF
	2	0xFF
	3	0xFF
	4	0xFF
	5	0xFF
	6	0xFF
MasterRequestID: ;0x13; GuessNumData: ;8;
	0	0xFF
	1	0xFF
	2	0xFF
	3	0xFF
	4	0xFF
	5	0xFF
	6	0xFF
	7	0xFF
MasterRequestID: ;0x14; GuessNumData: ;1;
	0	0xFF
MasterRequestID: ;0x14; GuessNumData: ;2;
	0	0xFF
	1	0xFF
MasterRequestID: ;0x14; GuessNumData: ;3;
	0	0xFF
	1	0xFF
	2	0xFF
MasterRequestID: ;0x14; GuessNumData: ;4;
	0	0xFF
	1	0xFF
	2	0xFF
	3	0xFF
MasterRequestID: ;0x14; GuessNumData: ;5;
	0	0xFF
	1	0xFF
	2	0xFF
	3	0xFF
	4	0xFF
MasterRequestID: ;0x14; GuessNumData: ;6;
	0	0xFF
	1	0xFF
	2	0xFF
	3	0xFF
	4	0xFF
	5	0xFF
MasterRequestID: ;0x14; GuessNumData: ;7;
	0	0xFF
	1	0xFF
	2	0xFF
	3	0xFF
	4	0xFF
	5	0xFF
	6	0xFF
MasterRequestID: ;0x14; GuessNumData: ;8;
	0	0xFF
	1	0xFF
	2	0xFF
	3	0xFF
	4	0xFF
	5	0xFF
	6	0xFF
	7	0xFF
MasterRequestID: ;0x15; GuessNumData: ;1;
	0	0xFF
MasterRequestID: ;0x15; GuessNumData: ;2;
	0	0xFF
	1	0xFF
MasterRequestID: ;0x15; GuessNumData: ;3;
	0	0xFF
	1	0xFF
	2	0xFF
MasterRequestID: ;0x15; GuessNumData: ;4;
	0	0xFF
	1	0xFF
	2	0xFF
	3	0xFF
MasterRequestID: ;0x15; GuessNumData: ;5;
	0	0xFF
	1	0xFF
	2	0xFF
	3	0xFF
	4	0xFF
MasterRequestID: ;0x15; GuessNumData: ;6;
	0	0xFF
	1	0xFF
	2	0xFF
	3	0xFF
	4	0xFF
	5	0xFF
MasterRequestID: ;0x15; GuessNumData: ;7;
	0	0xFF
	1	0xFF
	2	0xFF
	3	0xFF
	4	0xFF
	5	0xFF
	6	0xFF
MasterRequestID: ;0x15; GuessNumData: ;8;
	0	0xFF
	1	0xFF
	2	0xFF
	3	0xFF
	4	0xFF
	5	0xFF
	6	0xFF
	7	0xFF
MasterRequestID: ;0x16; GuessNumData: ;1;
	0	0xFF
MasterRequestID: ;0x16; GuessNumData: ;2;
	0	0xFF
	1	0xFF
MasterRequestID: ;0x16; GuessNumData: ;3;
	0	0xFF
	1	0xFF
	2	0xFF
MasterRequestID: ;0x16; GuessNumData: ;4;
	0	0xFF
	1	0xFF
	2	0xFF
	3	0xFF
MasterRequestID: ;0x16; GuessNumData: ;5;
	0	0xFF
	1	0xFF
	2	0xFF
	3	0xFF
	4	0xFF
MasterRequestID: ;0x16; GuessNumData: ;6;
	0	0xFF
	1	0xFF
	2	0xFF
	3	0xFF
	4	0xFF
	5	0xFF
MasterRequestID: ;0x16; GuessNumData: ;7;
	0	0xFF
	1	0xFF
	2	0xFF
	3	0xFF
	4	0xFF
	5	0xFF
	6	0xFF
MasterRequestID: ;0x16; GuessNumData: ;8;
	0	0xFF
	1	0xFF
	2	0xFF
	3	0xFF
	4	0xFF
	5	0xFF
	6	0xFF
	7	0xFF
MasterRequestID: ;0x17; GuessNumData: ;1;
	0	0xFF
MasterRequestID: ;0x17; GuessNumData: ;2;
	0	0xFF
	1	0xFF
MasterRequestID: ;0x17; GuessNumData: ;3;
	0	0xFF
	1	0xFF
	2	0xFF
MasterRequestID: ;0x17; GuessNumData: ;4;
	0	0xFF
	1	0xFF
	2	0xFF
	3	0xFF
MasterRequestID: ;0x17; GuessNumData: ;5;
	0	0xFF
	1	0xFF
	2	0xFF
	3	0xFF
	4	0xFF
MasterRequestID: ;0x17; GuessNumData: ;6;
	0	0xFF
	1	0xFF
	2	0xFF
	3	0xFF
	4	0xFF
	5	0xFF
MasterRequestID: ;0x17; GuessNumData: ;7;
	0	0xFF
	1	0xFF
	2	0xFF
	3	0xFF
	4	0xFF
	5	0xFF
	6	0xFF
MasterRequestID: ;0x17; GuessNumData: ;8;
	0	0xFF
	1	0xFF
	2	0xFF
	3	0xFF
	4	0xFF
	5	0xFF
	6	0xFF
	7	0xFF
MasterRequestID: ;0x18; GuessNumData: ;1;
	0	0xFF
MasterRequestID: ;0x18; GuessNumData: ;2;
	0	0xFF
	1	0xFF
MasterRequestID: ;0x18; GuessNumData: ;3;
	0	0xFF
	1	0xFF
	2	0xFF
MasterRequestID: ;0x18; GuessNumData: ;4;
	0	0xFF
	1	0xFF
	2	0xFF
	3	0xFF
MasterRequestID: ;0x18; GuessNumData: ;5;
	0	0xFF
	1	0xFF
	2	0xFF
	3	0xFF
	4	0xFF
MasterRequestID: ;0x18; GuessNumData: ;6;
	0	0xFF
	1	0xFF
	2	0xFF
	3	0xFF
	4	0xFF
	5	0xFF
MasterRequestID: ;0x18; GuessNumData: ;7;
	0	0xFF
	1	0xFF
	2	0xFF
	3	0xFF
	4	0xFF
	5	0xFF
	6	0xFF
MasterRequestID: ;0x18; GuessNumData: ;8;
	0	0xFF
	1	0xFF
	2	0xFF
	3	0xFF
	4	0xFF
	5	0xFF
	6	0xFF
	7	0xFF
MasterRequestID: ;0x19; GuessNumData: ;1;
	0	0xFF
MasterRequestID: ;0x19; GuessNumData: ;2;
	0	0xFF
	1	0xFF
MasterRequestID: ;0x19; GuessNumData: ;3;
	0	0xFF
	1	0xFF
	2	0xFF
MasterRequestID: ;0x19; GuessNumData: ;4;
	0	0xFF
	1	0xFF
	2	0xFF
	3	0xFF
MasterRequestID: ;0x19; GuessNumData: ;5;
	0	0xFF
	1	0xFF
	2	0xFF
	3	0xFF
	4	0xFF
MasterRequestID: ;0x19; GuessNumData: ;6;
	0	0xFF
	1	0xFF
	2	0xFF
	3	0xFF
	4	0xFF
	5	0xFF
MasterRequestID: ;0x19; GuessNumData: ;7;
	0	0xFF
	1	0xFF
	2	0xFF
	3	0xFF
	4	0xFF
	5	0xFF
	6	0xFF
MasterRequestID: ;0x19; GuessNumData: ;8;
	0	0xFF
	1	0xFF
	2	0xFF
	3	0xFF
	4	0xFF
	5	0xFF
	6	0xFF
	7	0xFF
MasterRequestID: ;0x1A; GuessNumData: ;1;
	0	0xFF
MasterRequestID: ;0x1A; GuessNumData: ;2;
	0	0xFF
	1	0xFF
MasterRequestID: ;0x1A; GuessNumData: ;3;
	0	0xFF
	1	0xFF
	2	0xFF
MasterRequestID: ;0x1A; GuessNumData: ;4;
	0	0xFF
	1	0xFF
	2	0xFF
	3	0xFF
MasterRequestID: ;0x1A; GuessNumData: ;5;
	0	0xFF
	1	0xFF
	2	0xFF
	3	0xFF
	4	0xFF
MasterRequestID: ;0x1A; GuessNumData: ;6;
	0	0xFF
	1	0xFF
	2	0xFF
	3	0xFF
	4	0xFF
	5	0xFF
MasterRequestID: ;0x1A; GuessNumData: ;7;
	0	0xFF
	1	0xFF
	2	0xFF
	3	0xFF
	4	0xFF
	5	0xFF
	6	0xFF
MasterRequestID: ;0x1A; GuessNumData: ;8;
	0	0xFF
	1	0xFF
	2	0xFF
	3	0xFF
	4	0xFF
	5	0xFF
	6	0xFF
	7	0xFF
MasterRequestID: ;0x1B; GuessNumData: ;1;
	0	0xFF
MasterRequestID: ;0x1B; GuessNumData: ;2;
	0	0xFF
	1	0xFF
MasterRequestID: ;0x1B; GuessNumData: ;3;
	0	0xFF
	1	0xFF
	2	0xFF
MasterRequestID: ;0x1B; GuessNumData: ;4;
	0	0xFF
	1	0xFF
	2	0xFF
	3	0xFF
MasterRequestID: ;0x1B; GuessNumData: ;5;
	0	0xFF
	1	0xFF
	2	0xFF
	3	0xFF
	4	0xFF
MasterRequestID: ;0x1B; GuessNumData: ;6;
	0	0xFF
	1	0xFF
	2	0xFF
	3	0xFF
	4	0xFF
	5	0xFF
MasterRequestID: ;0x1B; GuessNumData: ;7;
	0	0xFF
	1	0xFF
	2	0xFF
	3	0xFF
	4	0xFF
	5	0xFF
	6	0xFF
MasterRequestID: ;0x1B; GuessNumData: ;8;
	0	0xFF
	1	0xFF
	2	0xFF
	3	0xFF
	4	0xFF
	5	0xFF
	6	0xFF
	7	0xFF
MasterRequestID: ;0x1C; GuessNumData: ;1;
	0	0xFF
MasterRequestID: ;0x1C; GuessNumData: ;2;
	0	0xFF
	1	0xFF
MasterRequestID: ;0x1C; GuessNumData: ;3;
	0	0xFF
	1	0xFF
	2	0xFF
MasterRequestID: ;0x1C; GuessNumData: ;4;
	0	0xFF
	1	0xFF
	2	0xFF
	3	0xFF
MasterRequestID: ;0x1C; GuessNumData: ;5;
	0	0xFF
	1	0xFF
	2	0xFF
	3	0xFF
	4	0xFF
MasterRequestID: ;0x1C; GuessNumData: ;6;
	0	0xFF
	1	0xFF
	2	0xFF
	3	0xFF
	4	0xFF
	5	0xFF
MasterRequestID: ;0x1C; GuessNumData: ;7;
	0	0xFF
	1	0xFF
	2	0xFF
	3	0xFF
	4	0xFF
	5	0xFF
	6	0xFF
MasterRequestID: ;0x1C; GuessNumData: ;8;
	0	0xFF
	1	0xFF
	2	0xFF
	3	0xFF
	4	0xFF
	5	0xFF
	6	0xFF
	7	0xFF
MasterRequestID: ;0x1D; GuessNumData: ;1;
	0	0xFF
MasterRequestID: ;0x1D; GuessNumData: ;2;
	0	0xFF
	1	0xFF
MasterRequestID: ;0x1D; GuessNumData: ;3;
	0	0xFF
	1	0xFF
	2	0xFF
MasterRequestID: ;0x1D; GuessNumData: ;4;
	0	0xFF
	1	0xFF
	2	0xFF
	3	0xFF
MasterRequestID: ;0x1D; GuessNumData: ;5;
	0	0xFF
	1	0xFF
	2	0xFF
	3	0xFF
	4	0xFF
MasterRequestID: ;0x1D; GuessNumData: ;6;
	0	0xFF
	1	0xFF
	2	0xFF
	3	0xFF
	4	0xFF
	5	0xFF
MasterRequestID: ;0x1D; GuessNumData: ;7;
	0	0xFF
	1	0xFF
	2	0xFF
	3	0xFF
	4	0xFF
	5	0xFF
	6	0xFF
MasterRequestID: ;0x1D; GuessNumData: ;8;
	0	0xFF
	1	0xFF
	2	0xFF
	3	0xFF
	4	0xFF
	5	0xFF
	6	0xFF
	7	0xFF
MasterRequestID: ;0x1E; GuessNumData: ;1;
	0	0xFF
MasterRequestID: ;0x1E; GuessNumData: ;2;
	0	0xFF
	1	0xFF
MasterRequestID: ;0x1E; GuessNumData: ;3;
	0	0xFF
	1	0xFF
	2	0xFF
MasterRequestID: ;0x1E; GuessNumData: ;4;
	0	0xFF
	1	0xFF
	2	0xFF
	3	0xFF
MasterRequestID: ;0x1E; GuessNumData: ;5;
	0	0xFF
	1	0xFF
	2	0xFF
	3	0xFF
	4	0xFF
MasterRequestID: ;0x1E; GuessNumData: ;6;
	0	0xFF
	1	0xFF
	2	0xFF
	3	0xFF
	4	0xFF
	5	0xFF
MasterRequestID: ;0x1E; GuessNumData: ;7;
	0	0xFF
	1	0xFF
	2	0xFF
	3	0xFF
	4	0xFF
	5	0xFF
	6	0xFF
MasterRequestID: ;0x1E; GuessNumData: ;8;
	0	0xFF
	1	0xFF
	2	0xFF
	3	0xFF
	4	0xFF
	5	0xFF
	6	0xFF
	7	0xFF
MasterRequestID: ;0x1F; GuessNumData: ;1;
	0	0xFF
MasterRequestID: ;0x1F; GuessNumData: ;2;
	0	0xFF
	1	0xFF
MasterRequestID: ;0x1F; GuessNumData: ;3;
	0	0xFF
	1	0xFF
	2	0xFF
MasterRequestID: ;0x1F; GuessNumData: ;4;
	0	0xFF
	1	0xFF
	2	0xFF
	3	0xFF
MasterRequestID: ;0x1F; GuessNumData: ;5;
	0	0xFF
	1	0xFF
	2	0xFF
	3	0xFF
	4	0xFF
MasterRequestID: ;0x1F; GuessNumData: ;6;
	0	0xFF
	1	0xFF
	2	0xFF
	3	0xFF
	4	0xFF
	5	0xFF
MasterRequestID: ;0x1F; GuessNumData: ;7;
	0	0xFF
	1	0xFF
	2	0xFF
	3	0xFF
	4	0xFF
	5	0xFF
	6	0xFF
MasterRequestID: ;0x1F; GuessNumData: ;8;
	0	0xFF
	1	0xFF
	2	0xFF
	3	0xFF
	4	0xFF
	5	0xFF
	6	0xFF
	7	0xFF
MasterRequestID: ;0x20; GuessNumData: ;1;
	0	0xFF
MasterRequestID: ;0x20; GuessNumData: ;2;
	0	0xFF
	1	0xFF
MasterRequestID: ;0x20; GuessNumData: ;3;
	0	0xFF
	1	0xFF
	2	0xFF
MasterRequestID: ;0x20; GuessNumData: ;4;
	0	0xFF
	1	0xFF
	2	0xFF
	3	0xFF
MasterRequestID: ;0x20; GuessNumData: ;5;
	0	0xFF
	1	0xFF
	2	0xFF
	3	0xFF
	4	0xFF
MasterRequestID: ;0x20; GuessNumData: ;6;
	0	0xFF
	1	0xFF
	2	0xFF
	3	0xFF
	4	0xFF
	5	0xFF
MasterRequestID: ;0x20; GuessNumData: ;7;
	0	0xFF
	1	0xFF
	2	0xFF
	3	0xFF
	4	0xFF
	5	0xFF
	6	0xFF
MasterRequestID: ;0x20; GuessNumData: ;8;
	0	0xFF
	1	0xFF
	2	0xFF
	3	0xFF
	4	0xFF
	5	0xFF
	6	0xFF
	7	0xFF
MasterRequestID: ;0x21; GuessNumData: ;1;
	0	0xFF
MasterRequestID: ;0x21; GuessNumData: ;2;
	0	0xFF
	1	0xFF
MasterRequestID: ;0x21; GuessNumData: ;3;
	0	0xFF
	1	0xFF
	2	0xFF
MasterRequestID: ;0x21; GuessNumData: ;4;
	0	0xFF
	1	0xFF
	2	0xFF
	3	0xFF
MasterRequestID: ;0x21; GuessNumData: ;5;
	0	0xFF
	1	0xFF
	2	0xFF
	3	0xFF
	4	0xFF
MasterRequestID: ;0x21; GuessNumData: ;6;
	0	0xFF
	1	0xFF
	2	0xFF
	3	0xFF
	4	0xFF
	5	0xFF
MasterRequestID: ;0x21; GuessNumData: ;7;
	0	0xFF
	1	0xFF
	2	0xFF
	3	0xFF
	4	0xFF
	5	0xFF
	6	0xFF
MasterRequestID: ;0x21; GuessNumData: ;8;
	0	0xFF
	1	0xFF
	2	0xFF
	3	0xFF
	4	0xFF
	5	0xFF
	6	0xFF
	7	0xFF
MasterRequestID: ;0x22; GuessNumData: ;1;
	0	0xFF
MasterRequestID: ;0x22; GuessNumData: ;2;
	0	0xFF
	1	0xFF
MasterRequestID: ;0x22; GuessNumData: ;3;
	0	0xFF
	1	0xFF
	2	0xFF
MasterRequestID: ;0x22; GuessNumData: ;4;
	0	0xFF
	1	0xFF
	2	0xFF
	3	0xFF
MasterRequestID: ;0x22; GuessNumData: ;5;
	0	0xFF
	1	0xFF
	2	0xFF
	3	0xFF
	4	0xFF
MasterRequestID: ;0x22; GuessNumData: ;6;
	0	0xFF
	1	0xFF
	2	0xFF
	3	0xFF
	4	0xFF
	5	0xFF
MasterRequestID: ;0x22; GuessNumData: ;7;
	0	0xFF
	1	0xFF
	2	0xFF
	3	0xFF
	4	0xFF
	5	0xFF
	6	0xFF
MasterRequestID: ;0x22; GuessNumData: ;8;
	0	0xFF
	1	0xFF
	2	0xFF
	3	0xFF
	4	0xFF
	5	0xFF
	6	0xFF
	7	0xFF
MasterRequestID: ;0x23; GuessNumData: ;1;
	0	0xFF
MasterRequestID: ;0x23; GuessNumData: ;2;
	0	0xFF
	1	0xFF
MasterRequestID: ;0x23; GuessNumData: ;3;
	0	0xFF
	1	0xFF
	2	0xFF
MasterRequestID: ;0x23; GuessNumData: ;4;
	0	0xFF
	1	0xFF
	2	0xFF
	3	0xFF
MasterRequestID: ;0x23; GuessNumData: ;5;
	0	0xFF
	1	0xFF
	2	0xFF
	3	0xFF
	4	0xFF
MasterRequestID: ;0x23; GuessNumData: ;6;
	0	0xFF
	1	0xFF
	2	0xFF
	3	0xFF
	4	0xFF
	5	0xFF
MasterRequestID: ;0x23; GuessNumData: ;7;
	0	0xFF
	1	0xFF
	2	0xFF
	3	0xFF
	4	0xFF
	5	0xFF
	6	0xFF
MasterRequestID: ;0x23; GuessNumData: ;8;
	0	0xFF
	1	0xFF
	2	0xFF
	3	0xFF
	4	0xFF
	5	0xFF
	6	0xFF
	7	0xFF
MasterRequestID: ;0x24; GuessNumData: ;1;
	0	0xFF
MasterRequestID: ;0x24; GuessNumData: ;2;
	0	0xFF
	1	0xFF
MasterRequestID: ;0x24; GuessNumData: ;3;
	0	0xFF
	1	0xFF
	2	0xFF
MasterRequestID: ;0x24; GuessNumData: ;4;
	0	0xFF
	1	0xFF
	2	0xFF
	3	0xFF
MasterRequestID: ;0x24; GuessNumData: ;5;
	0	0xFF
	1	0xFF
	2	0xFF
	3	0xFF
	4	0xFF
MasterRequestID: ;0x24; GuessNumData: ;6;
	0	0xFF
	1	0xFF
	2	0xFF
	3	0xFF
	4	0xFF
	5	0xFF
MasterRequestID: ;0x24; GuessNumData: ;7;
	0	0xFF
	1	0xFF
	2	0xFF
	3	0xFF
	4	0xFF
	5	0xFF
	6	0xFF
MasterRequestID: ;0x24; GuessNumData: ;8;
	0	0xFF
	1	0xFF
	2	0xFF
	3	0xFF
	4	0xFF
	5	0xFF
	6	0xFF
	7	0xFF
MasterRequestID: ;0x25; GuessNumData: ;1;
	0	0xFF
MasterRequestID: ;0x25; GuessNumData: ;2;
	0	0xFF
	1	0xFF
MasterRequestID: ;0x25; GuessNumData: ;3;
	0	0xFF
	1	0xFF
	2	0xFF
MasterRequestID: ;0x25; GuessNumData: ;4;
	0	0xFF
	1	0xFF
	2	0xFF
	3	0xFF
MasterRequestID: ;0x25; GuessNumData: ;5;
	0	0xFF
	1	0xFF
	2	0xFF
	3	0xFF
	4	0xFF
MasterRequestID: ;0x25; GuessNumData: ;6;
	0	0xFF
	1	0xFF
	2	0xFF
	3	0xFF
	4	0xFF
	5	0xFF
MasterRequestID: ;0x25; GuessNumData: ;7;
	0	0xFF
	1	0xFF
	2	0xFF
	3	0xFF
	4	0xFF
	5	0xFF
	6	0xFF
MasterRequestID: ;0x25; GuessNumData: ;8;
	0	0xFF
	1	0xFF
	2	0xFF
	3	0xFF
	4	0xFF
	5	0xFF
	6	0xFF
	7	0xFF
MasterRequestID: ;0x26; GuessNumData: ;1;
	0	0xFF
MasterRequestID: ;0x26; GuessNumData: ;2;
	0	0xFF
	1	0xFF
MasterRequestID: ;0x26; GuessNumData: ;3;
	0	0xFF
	1	0xFF
	2	0xFF
MasterRequestID: ;0x26; GuessNumData: ;4;
	0	0xFF
	1	0xFF
	2	0xFF
	3	0xFF
MasterRequestID: ;0x26; GuessNumData: ;5;
	0	0xFF
	1	0xFF
	2	0xFF
	3	0xFF
	4	0xFF
MasterRequestID: ;0x26; GuessNumData: ;6;
	0	0xFF
	1	0xFF
	2	0xFF
	3	0xFF
	4	0xFF
	5	0xFF
MasterRequestID: ;0x26; GuessNumData: ;7;
	0	0xFF
	1	0xFF
	2	0xFF
	3	0xFF
	4	0xFF
	5	0xFF
	6	0xFF
MasterRequestID: ;0x26; GuessNumData: ;8;
	0	0xFF
	1	0xFF
	2	0xFF
	3	0xFF
	4	0xFF
	5	0xFF
	6	0xFF
	7	0xFF
MasterRequestID: ;0x27; GuessNumData: ;1;
	0	0xFF
MasterRequestID: ;0x27; GuessNumData: ;2;
	0	0xFF
	1	0xFF
MasterRequestID: ;0x27; GuessNumData: ;3;
	0	0xFF
	1	0xFF
	2	0xFF
MasterRequestID: ;0x27; GuessNumData: ;4;
	0	0xFF
	1	0xFF
	2	0xFF
	3	0xFF
MasterRequestID: ;0x27; GuessNumData: ;5;
	0	0xFF
	1	0xFF
	2	0xFF
	3	0xFF
	4	0xFF
MasterRequestID: ;0x27; GuessNumData: ;6;
	0	0xFF
	1	0xFF
	2	0xFF
	3	0xFF
	4	0xFF
	5	0xFF
MasterRequestID: ;0x27; GuessNumData: ;7;
	0	0xFF
	1	0xFF
	2	0xFF
	3	0xFF
	4	0xFF
	5	0xFF
	6	0xFF
MasterRequestID: ;0x27; GuessNumData: ;8;
	0	0xFF
	1	0xFF
	2	0xFF
	3	0xFF
	4	0xFF
	5	0xFF
	6	0xFF
	7	0xFF
MasterRequestID: ;0x28; GuessNumData: ;1;
	0	0xFF
MasterRequestID: ;0x28; GuessNumData: ;2;
	0	0xFF
	1	0xFF
MasterRequestID: ;0x28; GuessNumData: ;3;
	0	0xFF
	1	0xFF
	2	0xFF
MasterRequestID: ;0x28; GuessNumData: ;4;
	0	0xFF
	1	0xFF
	2	0xFF
	3	0xFF
MasterRequestID: ;0x28; GuessNumData: ;5;
	0	0xFF
	1	0xFF
	2	0xFF
	3	0xFF
	4	0xFF
MasterRequestID: ;0x28; GuessNumData: ;6;
	0	0xFF
	1	0xFF
	2	0xFF
	3	0xFF
	4	0xFF
	5	0xFF
MasterRequestID: ;0x28; GuessNumData: ;7;
	0	0xFF
	1	0xFF
	2	0xFF
	3	0xFF
	4	0xFF
	5	0xFF
	6	0xFF
MasterRequestID: ;0x28; GuessNumData: ;8;
	0	0xFF
	1	0xFF
	2	0xFF
	3	0xFF
	4	0xFF
	5	0xFF
	6	0xFF
	7	0xFF
MasterRequestID: ;0x29; GuessNumData: ;1;
	0	0xFF
MasterRequestID: ;0x29; GuessNumData: ;2;
	0	0xFF
	1	0xFF
MasterRequestID: ;0x29; GuessNumData: ;3;
	0	0xFF
	1	0xFF
	2	0xFF
MasterRequestID: ;0x29; GuessNumData: ;4;
	0	0xFF
	1	0xFF
	2	0xFF
	3	0xFF
MasterRequestID: ;0x29; GuessNumData: ;5;
	0	0xFF
	1	0xFF
	2	0xFF
	3	0xFF
	4	0xFF
MasterRequestID: ;0x29; GuessNumData: ;6;
	0	0xFF
	1	0xFF
	2	0xFF
	3	0xFF
	4	0xFF
	5	0xFF
MasterRequestID: ;0x29; GuessNumData: ;7;
	0	0xFF
	1	0xFF
	2	0xFF
	3	0xFF
	4	0xFF
	5	0xFF
	6	0xFF
MasterRequestID: ;0x29; GuessNumData: ;8;
	0	0xFF
	1	0xFF
	2	0xFF
	3	0xFF
	4	0xFF
	5	0xFF
	6	0xFF
	7	0xFF
MasterRequestID: ;0x2A; GuessNumData: ;1;
	0	0xFF
MasterRequestID: ;0x2A; GuessNumData: ;2;
	0	0xFF
	1	0xFF
MasterRequestID: ;0x2A; GuessNumData: ;3;
	0	0xFF
	1	0xFF
	2	0xFF
MasterRequestID: ;0x2A; GuessNumData: ;4;
	0	0xFF
	1	0xFF
	2	0xFF
	3	0xFF
MasterRequestID: ;0x2A; GuessNumData: ;5;
	0	0xFF
	1	0xFF
	2	0xFF
	3	0xFF
	4	0xFF
MasterRequestID: ;0x2A; GuessNumData: ;6;
	0	0xFF
	1	0xFF
	2	0xFF
	3	0xFF
	4	0xFF
	5	0xFF
MasterRequestID: ;0x2A; GuessNumData: ;7;
	0	0xFF
	1	0xFF
	2	0xFF
	3	0xFF
	4	0xFF
	5	0xFF
	6	0xFF
MasterRequestID: ;0x2A; GuessNumData: ;8;
	0	0xFF
	1	0xFF
	2	0xFF
	3	0xFF
	4	0xFF
	5	0xFF
	6	0xFF
	7	0xFF
MasterRequestID: ;0x2B; GuessNumData: ;1;
	0	0xFF
MasterRequestID: ;0x2B; GuessNumData: ;2;
	0	0xFF
	1	0xFF
MasterRequestID: ;0x2B; GuessNumData: ;3;
	0	0xFF
	1	0xFF
	2	0xFF
MasterRequestID: ;0x2B; GuessNumData: ;4;
	0	0xFF
	1	0xFF
	2	0xFF
	3	0xFF
MasterRequestID: ;0x2B; GuessNumData: ;5;
	0	0xFF
	1	0xFF
	2	0xFF
	3	0xFF
	4	0xFF
MasterRequestID: ;0x2B; GuessNumData: ;6;
	0	0xFF
	1	0xFF
	2	0xFF
	3	0xFF
	4	0xFF
	5	0xFF
MasterRequestID: ;0x2B; GuessNumData: ;7;
	0	0xFF
	1	0xFF
	2	0xFF
	3	0xFF
	4	0xFF
	5	0xFF
	6	0xFF
MasterRequestID: ;0x2B; GuessNumData: ;8;
	0	0xFF
	1	0xFF
	2	0xFF
	3	0xFF
	4	0xFF
	5	0xFF
	6	0xFF
	7	0xFF
MasterRequestID: ;0x2C; GuessNumData: ;1;
	0	0xFF
MasterRequestID: ;0x2C; GuessNumData: ;2;
	0	0xFF
	1	0xFF
MasterRequestID: ;0x2C; GuessNumData: ;3;
	0	0xFF
	1	0xFF
	2	0xFF
MasterRequestID: ;0x2C; GuessNumData: ;4;
	0	0xFF
	1	0xFF
	2	0xFF
	3	0xFF
MasterRequestID: ;0x2C; GuessNumData: ;5;
	0	0xFF
	1	0xFF
	2	0xFF
	3	0xFF
	4	0xFF
MasterRequestID: ;0x2C; GuessNumData: ;6;
	0	0xFF
	1	0xFF
	2	0xFF
	3	0xFF
	4	0xFF
	5	0xFF
MasterRequestID: ;0x2C; GuessNumData: ;7;
	0	0xFF
	1	0xFF
	2	0xFF
	3	0xFF
	4	0xFF
	5	0xFF
	6	0xFF
MasterRequestID: ;0x2C; GuessNumData: ;8;
	0	0xFF
	1	0xFF
	2	0xFF
	3	0xFF
	4	0xFF
	5	0xFF
	6	0xFF
	7	0xFF
MasterRequestID: ;0x2D; GuessNumData: ;1;
	0	0xFF
MasterRequestID: ;0x2D; GuessNumData: ;2;
	0	0xFF
	1	0xFF
MasterRequestID: ;0x2D; GuessNumData: ;3;
	0	0xFF
	1	0xFF
	2	0xFF
MasterRequestID: ;0x2D; GuessNumData: ;4;
	0	0xFF
	1	0xFF
	2	0xFF
	3	0xFF
MasterRequestID: ;0x2D; GuessNumData: ;5;
	0	0xFF
	1	0xFF
	2	0xFF
	3	0xFF
	4	0xFF
MasterRequestID: ;0x2D; GuessNumData: ;6;
	0	0xFF
	1	0xFF
	2	0xFF
	3	0xFF
	4	0xFF
	5	0xFF
MasterRequestID: ;0x2D; GuessNumData: ;7;
	0	0xFF
	1	0xFF
	2	0xFF
	3	0xFF
	4	0xFF
	5	0xFF
	6	0xFF
MasterRequestID: ;0x2D; GuessNumData: ;8;
	0	0xFF
	1	0xFF
	2	0xFF
	3	0xFF
	4	0xFF
	5	0xFF
	6	0xFF
	7	0xFF
MasterRequestID: ;0x2E; GuessNumData: ;1;
	0	0xFF
MasterRequestID: ;0x2E; GuessNumData: ;2;
	0	0xFF
	1	0xFF
MasterRequestID: ;0x2E; GuessNumData: ;3;
	0	0xFF
	1	0xFF
	2	0xFF
MasterRequestID: ;0x2E; GuessNumData: ;4;
	0	0xFF
	1	0xFF
	2	0xFF
	3	0xFF
MasterRequestID: ;0x2E; GuessNumData: ;5;
	0	0xFF
	1	0xFF
	2	0xFF
	3	0xFF
	4	0xFF
MasterRequestID: ;0x2E; GuessNumData: ;6;
	0	0xFF
	1	0xFF
	2	0xFF
	3	0xFF
	4	0xFF
	5	0xFF
MasterRequestID: ;0x2E; GuessNumData: ;7;
	0	0xFF
	1	0xFF
	2	0xFF
	3	0xFF
	4	0xFF
	5	0xFF
	6	0xFF
MasterRequestID: ;0x2E; GuessNumData: ;8;
	0	0xFF
	1	0xFF
	2	0xFF
	3	0xFF
	4	0xFF
	5	0xFF
	6	0xFF
	7	0xFF
MasterRequestID: ;0x2F; GuessNumData: ;1;
	0	0xFF
MasterRequestID: ;0x2F; GuessNumData: ;2;
	0	0xFF
	1	0xFF
MasterRequestID: ;0x2F; GuessNumData: ;3;
	0	0xFF
	1	0xFF
	2	0xFF
MasterRequestID: ;0x2F; GuessNumData: ;4;
	0	0xFF
	1	0xFF
	2	0xFF
	3	0xFF
MasterRequestID: ;0x2F; GuessNumData: ;5;
	0	0xFF
	1	0xFF
	2	0xFF
	3	0xFF
	4	0xFF
MasterRequestID: ;0x2F; GuessNumData: ;6;
	0	0xFF
	1	0xFF
	2	0xFF
	3	0xFF
	4	0xFF
	5	0xFF
MasterRequestID: ;0x2F; GuessNumData: ;7;
	0	0xFF
	1	0xFF
	2	0xFF
	3	0xFF
	4	0xFF
	5	0xFF
	6	0xFF
MasterRequestID: ;0x2F; GuessNumData: ;8;
	0	0xFF
	1	0xFF
	2	0xFF
	3	0xFF
	4	0xFF
	5	0xFF
	6	0xFF
	7	0xFF
MasterRequestID: ;0x30; GuessNumData: ;1;
	0	0xFF
MasterRequestID: ;0x30; GuessNumData: ;2;
	0	0xFF
	1	0xFF
MasterRequestID: ;0x30; GuessNumData: ;3;
	0	0xFF
	1	0xFF
	2	0xFF
MasterRequestID: ;0x30; GuessNumData: ;4;
	0	0xFF
	1	0xFF
	2	0xFF
	3	0xFF
MasterRequestID: ;0x30; GuessNumData: ;5;
	0	0xFF
	1	0xFF
	2	0xFF
	3	0xFF
	4	0xFF
MasterRequestID: ;0x30; GuessNumData: ;6;
	0	0xFF
	1	0xFF
	2	0xFF
	3	0xFF
	4	0xFF
	5	0xFF
MasterRequestID: ;0x30; GuessNumData: ;7;
	0	0xFF
	1	0xFF
	2	0xFF
	3	0xFF
	4	0xFF
	5	0xFF
	6	0xFF
MasterRequestID: ;0x30; GuessNumData: ;8;
	0	0xFF
	1	0xFF
	2	0xFF
	3	0xFF
	4	0xFF
	5	0xFF
	6	0xFF
	7	0xFF
MasterRequestID: ;0x31; GuessNumData: ;1;
	0	0xFF
MasterRequestID: ;0x31; GuessNumData: ;2;
	0	0xFF
	1	0xFF
MasterRequestID: ;0x31; GuessNumData: ;3;
	0	0xFF
	1	0xFF
	2	0xFF
MasterRequestID: ;0x31; GuessNumData: ;4;
	0	0xFF
	1	0xFF
	2	0xFF
	3	0xFF
MasterRequestID: ;0x31; GuessNumData: ;5;
	0	0xFF
	1	0xFF
	2	0xFF
	3	0xFF
	4	0xFF
MasterRequestID: ;0x31; GuessNumData: ;6;
	0	0xFF
	1	0xFF
	2	0xFF
	3	0xFF
	4	0xFF
	5	0xFF
MasterRequestID: ;0x31; GuessNumData: ;7;
	0	0xFF
	1	0xFF
	2	0xFF
	3	0xFF
	4	0xFF
	5	0xFF
	6	0xFF
MasterRequestID: ;0x31; GuessNumData: ;8;
	0	0xFF
	1	0xFF
	2	0xFF
	3	0xFF
	4	0xFF
	5	0xFF
	6	0xFF
	7	0xFF
MasterRequestID: ;0x32; GuessNumData: ;1;
	0	0xFF
MasterRequestID: ;0x32; GuessNumData: ;2;
	0	0xFF
	1	0xFF
MasterRequestID: ;0x32; GuessNumData: ;3;
	0	0xFF
	1	0xFF
	2	0xFF
MasterRequestID: ;0x32; GuessNumData: ;4;
	0	0xFF
	1	0xFF
	2	0xFF
	3	0xFF
MasterRequestID: ;0x32; GuessNumData: ;5;
	0	0xFF
	1	0xFF
	2	0xFF
	3	0xFF
	4	0xFF
MasterRequestID: ;0x32; GuessNumData: ;6;
	0	0xFF
	1	0xFF
	2	0xFF
	3	0xFF
	4	0xFF
	5	0xFF
MasterRequestID: ;0x32; GuessNumData: ;7;
	0	0xFF
	1	0xFF
	2	0xFF
	3	0xFF
	4	0xFF
	5	0xFF
	6	0xFF
MasterRequestID: ;0x32; GuessNumData: ;8;
	0	0xFF
	1	0xFF
	2	0xFF
	3	0xFF
	4	0xFF
	5	0xFF
	6	0xFF
	7	0xFF
MasterRequestID: ;0x33; GuessNumData: ;1;
	0	0xFF
MasterRequestID: ;0x33; GuessNumData: ;2;
	0	0xFF
	1	0xFF
MasterRequestID: ;0x33; GuessNumData: ;3;
	0	0xFF
	1	0xFF
	2	0xFF
MasterRequestID: ;0x33; GuessNumData: ;4;
	0	0xFF
	1	0xFF
	2	0xFF
	3	0xFF
MasterRequestID: ;0x33; GuessNumData: ;5;
	0	0xFF
	1	0xFF
	2	0xFF
	3	0xFF
	4	0xFF
MasterRequestID: ;0x33; GuessNumData: ;6;
	0	0xFF
	1	0xFF
	2	0xFF
	3	0xFF
	4	0xFF
	5	0xFF
MasterRequestID: ;0x33; GuessNumData: ;7;
	0	0xFF
	1	0xFF
	2	0xFF
	3	0xFF
	4	0xFF
	5	0xFF
	6	0xFF
MasterRequestID: ;0x33; GuessNumData: ;8;
	0	0xFF
	1	0xFF
	2	0xFF
	3	0xFF
	4	0xFF
	5	0xFF
	6	0xFF
	7	0xFF
MasterRequestID: ;0x34; GuessNumData: ;1;
	0	0xFF
MasterRequestID: ;0x34; GuessNumData: ;2;
	0	0xFF
	1	0xFF
MasterRequestID: ;0x34; GuessNumData: ;3;
	0	0xFF
	1	0xFF
	2	0xFF
MasterRequestID: ;0x34; GuessNumData: ;4;
	0	0xFF
	1	0xFF
	2	0xFF
	3	0xFF
MasterRequestID: ;0x34; GuessNumData: ;5;
	0	0xFF
	1	0xFF
	2	0xFF
	3	0xFF
	4	0xFF
MasterRequestID: ;0x34; GuessNumData: ;6;
	0	0xFF
	1	0xFF
	2	0xFF
	3	0xFF
	4	0xFF
	5	0xFF
MasterRequestID: ;0x34; GuessNumData: ;7;
	0	0xFF
	1	0xFF
	2	0xFF
	3	0xFF
	4	0xFF
	5	0xFF
	6	0xFF
MasterRequestID: ;0x34; GuessNumData: ;8;
	0	0xFF
	1	0xFF
	2	0xFF
	3	0xFF
	4	0xFF
	5	0xFF
	6	0xFF
	7	0xFF
MasterRequestID: ;0x35; GuessNumData: ;1;
	0	0xFF
MasterRequestID: ;0x35; GuessNumData: ;2;
	0	0xFF
	1	0xFF
MasterRequestID: ;0x35; GuessNumData: ;3;
	0	0xFF
	1	0xFF
	2	0xFF
MasterRequestID: ;0x35; GuessNumData: ;4;
	0	0xFF
	1	0xFF
	2	0xFF
	3	0xFF
MasterRequestID: ;0x35; GuessNumData: ;5;
	0	0xFF
	1	0xFF
	2	0xFF
	3	0xFF
	4	0xFF
MasterRequestID: ;0x35; GuessNumData: ;6;
	0	0xFF
	1	0xFF
	2	0xFF
	3	0xFF
	4	0xFF
	5	0xFF
MasterRequestID: ;0x35; GuessNumData: ;7;
	0	0xFF
	1	0xFF
	2	0xFF
	3	0xFF
	4	0xFF
	5	0xFF
	6	0xFF
MasterRequestID: ;0x35; GuessNumData: ;8;
	0	0xFF
	1	0xFF
	2	0xFF
	3	0xFF
	4	0xFF
	5	0xFF
	6	0xFF
	7	0xFF
MasterRequestID: ;0x36; GuessNumData: ;1;
	0	0xFF
MasterRequestID: ;0x36; GuessNumData: ;2;
	0	0xFF
	1	0xFF
MasterRequestID: ;0x36; GuessNumData: ;3;
	0	0xFF
	1	0xFF
	2	0xFF
MasterRequestID: ;0x36; GuessNumData: ;4;
	0	0xFF
	1	0xFF
	2	0xFF
	3	0xFF
MasterRequestID: ;0x36; GuessNumData: ;5;
	0	0xFF
	1	0xFF
	2	0xFF
	3	0xFF
	4	0xFF
MasterRequestID: ;0x36; GuessNumData: ;6;
	0	0xFF
	1	0xFF
	2	0xFF
	3	0xFF
	4	0xFF
	5	0xFF
MasterRequestID: ;0x36; GuessNumData: ;7;
	0	0xFF
	1	0xFF
	2	0xFF
	3	0xFF
	4	0xFF
	5	0xFF
	6	0xFF
MasterRequestID: ;0x36; GuessNumData: ;8;
	0	0xFF
	1	0xFF
	2	0xFF
	3	0xFF
	4	0xFF
	5	0xFF
	6	0xFF
	7	0xFF
MasterRequestID: ;0x37; GuessNumData: ;1;
	0	0xFF
MasterRequestID: ;0x37; GuessNumData: ;2;
	0	0xFF
	1	0xFF
MasterRequestID: ;0x37; GuessNumData: ;3;
	0	0xFF
	1	0xFF
	2	0xFF
MasterRequestID: ;0x37; GuessNumData: ;4;
	0	0xFF
	1	0xFF
	2	0xFF
	3	0xFF
MasterRequestID: ;0x37; GuessNumData: ;5;
	0	0xFF
	1	0xFF
	2	0xFF
	3	0xFF
	4	0xFF
MasterRequestID: ;0x37; GuessNumData: ;6;
	0	0xFF
	1	0xFF
	2	0xFF
	3	0xFF
	4	0xFF
	5	0xFF
MasterRequestID: ;0x37; GuessNumData: ;7;
	0	0xFF
	1	0xFF
	2	0xFF
	3	0xFF
	4	0xFF
	5	0xFF
	6	0xFF
MasterRequestID: ;0x37; GuessNumData: ;8;
	0	0xFF
	1	0xFF
	2	0xFF
	3	0xFF
	4	0xFF
	5	0xFF
	6	0xFF
	7	0xFF
MasterRequestID: ;0x39; GuessNumData: ;1;
	0	0xFF
MasterRequestID: ;0x39; GuessNumData: ;2;
	0	0xFF
	1	0xFF
MasterRequestID: ;0x39; GuessNumData: ;3;
	0	0xFF
	1	0xFF
	2	0xFF
MasterRequestID: ;0x39; GuessNumData: ;4;
	0	0xFF
	1	0xFF
	2	0xFF
	3	0xFF
MasterRequestID: ;0x39; GuessNumData: ;5;
	0	0xFF
	1	0xFF
	2	0xFF
	3	0xFF
	4	0xFF
MasterRequestID: ;0x39; GuessNumData: ;6;
	0	0xFF
	1	0xFF
	2	0xFF
	3	0xFF
	4	0xFF
	5	0xFF
MasterRequestID: ;0x39; GuessNumData: ;7;
	0	0xFF
	1	0xFF
	2	0xFF
	3	0xFF
	4	0xFF
	5	0xFF
	6	0xFF
MasterRequestID: ;0x39; GuessNumData: ;8;
	0	0xFF
	1	0xFF
	2	0xFF
	3	0xFF
	4	0xFF
	5	0xFF
	6	0xFF
	7	0xFF
MasterRequestID: ;0x3B; GuessNumData: ;1;
	0	0xFF
MasterRequestID: ;0x3B; GuessNumData: ;2;
	0	0xFF
	1	0xFF
MasterRequestID: ;0x3B; GuessNumData: ;3;
	0	0xFF
	1	0xFF
	2	0xFF
MasterRequestID: ;0x3B; GuessNumData: ;4;
	0	0xFF
	1	0xFF
	2	0xFF
	3	0xFF
MasterRequestID: ;0x3B; GuessNumData: ;5;
	0	0xFF
	1	0xFF
	2	0xFF
	3	0xFF
	4	0xFF
MasterRequestID: ;0x3B; GuessNumData: ;6;
	0	0xFF
	1	0xFF
	2	0xFF
	3	0xFF
	4	0xFF
	5	0xFF
MasterRequestID: ;0x3B; GuessNumData: ;7;
	0	0xFF
	1	0xFF
	2	0xFF
	3	0xFF
	4	0xFF
	5	0xFF
	6	0xFF
MasterRequestID: ;0x3B; GuessNumData: ;8;
	0	0xFF
	1	0xFF
	2	0xFF
	3	0xFF
	4	0xFF
	5	0xFF
	6	0xFF
	7	0xFF
MasterRequestID: ;0x3C; GuessNumData: ;1;
	0	0xFF
MasterRequestID: ;0x3C; GuessNumData: ;2;
	0	0xFF
	1	0xFF
MasterRequestID: ;0x3C; GuessNumData: ;3;
	0	0xFF
	1	0xFF
	2	0xFF
MasterRequestID: ;0x3C; GuessNumData: ;4;
	0	0xFF
	1	0xFF
	2	0xFF
	3	0xFF
MasterRequestID: ;0x3C; GuessNumData: ;5;
	0	0xFF
	1	0xFF
	2	0xFF
	3	0xFF
	4	0xFF
MasterRequestID: ;0x3C; GuessNumData: ;6;
	0	0xFF
	1	0xFF
	2	0xFF
	3	0xFF
	4	0xFF
	5	0xFF
MasterRequestID: ;0x3C; GuessNumData: ;7;
	0	0xFF
	1	0xFF
	2	0xFF
	3	0xFF
	4	0xFF
	5	0xFF
	6	0xFF
MasterRequestID: ;0x3C; GuessNumData: ;8;
	0	0xFF
	1	0xFF
	2	0xFF
	3	0xFF
	4	0xFF
	5	0xFF
	6	0xFF
	7	0xFF
MasterRequestID: ;0x3D; GuessNumData: ;4;
	0	0xFF
	1	0xFF
	2	0xFF
	3	0xFF
MasterRequestID: ;0x3E; GuessNumData: ;1;
	0	0xFF
MasterRequestID: ;0x3E; GuessNumData: ;2;
	0	0xFF
	1	0xFF
MasterRequestID: ;0x3E; GuessNumData: ;3;
	0	0xFF
	1	0xFF
	2	0xFF
MasterRequestID: ;0x3E; GuessNumData: ;4;
	0	0xFF
	1	0xFF
	2	0xFF
	3	0xFF
MasterRequestID: ;0x3E; GuessNumData: ;5;
	0	0xFF
	1	0xFF
	2	0xFF
	3	0xFF
	4	0xFF
MasterRequestID: ;0x3E; GuessNumData: ;6;
	0	0xFF
	1	0xFF
	2	0xFF
	3	0xFF
	4	0xFF
	5	0xFF
MasterRequestID: ;0x3E; GuessNumData: ;7;
	0	0xFF
	1	0xFF
	2	0xFF
	3	0xFF
	4	0xFF
	5	0xFF
	6	0xFF
MasterRequestID: ;0x3E; GuessNumData: ;8;
	0	0xFF
	1	0xFF
	2	0xFF
	3	0xFF
	4	0xFF
	5	0xFF
	6	0xFF
	7	0xFF
MasterRequestID: ;0x3F; GuessNumData: ;1;
	0	0xFF
MasterRequestID: ;0x3F; GuessNumData: ;2;
	0	0xFF
	1	0xFF
MasterRequestID: ;0x3F; GuessNumData: ;3;
	0	0xFF
	1	0xFF
	2	0xFF
MasterRequestID: ;0x3F; GuessNumData: ;4;
	0	0xFF
	1	0xFF
	2	0xFF
	3	0xFF
MasterRequestID: ;0x3F; GuessNumData: ;5;
	0	0xFF
	1	0xFF
	2	0xFF
	3	0xFF
	4	0xFF
MasterRequestID: ;0x3F; GuessNumData: ;6;
	0	0xFF
	1	0xFF
	2	0xFF
	3	0xFF
	4	0xFF
	5	0xFF
MasterRequestID: ;0x3F; GuessNumData: ;7;
	0	0xFF
	1	0xFF
	2	0xFF
	3	0xFF
	4	0xFF
	5	0xFF
	6	0xFF
MasterRequestID: ;0x3F; GuessNumData: ;8;
	0	0xFF
	1	0xFF
	2	0xFF
	3	0xFF
	4	0xFF
	5	0xFF
	6	0xFF
	7	0xFF
End of GuessFrameIds
Volume Up um: 1 Ticks
Volume Up um: 2 Ticks
Volume Down um: 2 Ticks
Volume Down um: 1 Ticks
Lane Assist
Lane Assist
Lane Assist
0/1
0/1
SET
SET
plus
minus
minus
Abstand
Cupra short
Roll Up um: 1 Ticks
Roll Up um: 2 Ticks
Roll Down um: 1 Ticks
Roll Down um: 1 Ticks
Roll Down um: 1 Ticks
Ok
Ok
PageRight
PageRight
PageLeft
Speak
Speak
View
View
Previews Song
Previews Song
Next Song
Next Song
Previews Song
Mute
Heating
Heating
Gear Up
Gear Up
Gear Up
Gear Down
Gear Down
